Build started 9/19/2016 10:26:47 PM.
Overriding target "GetFrameworkPaths" in project "C:\Windows\Microsoft.NET\Framework\v4.0.30319\Microsoft.Common.targets" with target "GetFrameworkPaths" from project "C:\Windows\Microsoft.NET\Framework\v4.0.30319\Microsoft.NETFramework.targets".
Overriding target "SatelliteDllsProjectOutputGroup" in project "C:\Windows\Microsoft.NET\Framework\v4.0.30319\Microsoft.Common.targets" with target "SatelliteDllsProjectOutputGroup" from project "C:\Windows\Microsoft.NET\Framework\v4.0.30319\Microsoft.WinFX.targets".
The target "_ConvertPdbFiles" listed in a BeforeTargets attribute at "C:\Program Files (x86)\MSBuild\4.0\Microsoft.Common.targets\ImportAfter\Xamarin.Common.targets (34,37)" does not exist in the project, and will be ignored.
The target "_CollectPdbFiles" listed in an AfterTargets attribute at "C:\Program Files (x86)\MSBuild\4.0\Microsoft.Common.targets\ImportAfter\Xamarin.Common.targets (34,70)" does not exist in the project, and will be ignored.
The target "_CollectMdbFiles" listed in a BeforeTargets attribute at "C:\Program Files (x86)\MSBuild\4.0\Microsoft.Common.targets\ImportAfter\Xamarin.Common.targets (40,38)" does not exist in the project, and will be ignored.
The target "_CopyMdbFiles" listed in an AfterTargets attribute at "C:\Program Files (x86)\MSBuild\4.0\Microsoft.Common.targets\ImportAfter\Xamarin.Common.targets (40,71)" does not exist in the project, and will be ignored.
Project "C:\Users\aravinth.sampath\AppData\Local\Syncfusion\EssentialStudio\14.3.0.42\Windows\PdfViewer.Windows\Samples\PdfViewer Bookmark\PdfViewer Bookmark\cs\PdfViewerBookmark_2015.csproj" on node 1 (default targets).
Building with tools version "4.5.1".
Project file contains ToolsVersion="4.5.1". This toolset may be unknown or missing, in which case you may be able to resolve this by installing the appropriate version of MSBuild, or the build may have been forced to a particular ToolsVersion for policy reasons. Treating the project as if it had ToolsVersion="4.0". For more information, please see http://go.microsoft.com/fwlink/?LinkId=291333.
Target "_CheckForInvalidConfigurationAndPlatform" in file "C:\Windows\Microsoft.NET\Framework\v4.0.30319\Microsoft.Common.targets" from project "C:\Users\aravinth.sampath\AppData\Local\Syncfusion\EssentialStudio\14.3.0.42\Windows\PdfViewer.Windows\Samples\PdfViewer Bookmark\PdfViewer Bookmark\cs\PdfViewerBookmark_2015.csproj" (entry point):
Task "Error" skipped, due to false condition; ( '$(_InvalidConfigurationError)' == 'true' ) was evaluated as ( '' == 'true' ).
Task "Warning" skipped, due to false condition; ( '$(_InvalidConfigurationWarning)' == 'true' ) was evaluated as ( '' == 'true' ).
Using "Message" task from assembly "Microsoft.Build.Tasks.v4.0, Version=4.0.0.0, Culture=neutral, PublicKeyToken=b03f5f7f11d50a3a".
Task "Message"
  Configuration=Release
Done executing task "Message".
Task "Message"
  Platform=AnyCPU
Done executing task "Message".
Task "Error" skipped, due to false condition; ('$(OutDir)' != '' and !HasTrailingSlash('$(OutDir)')) was evaluated as ('bin\Release\' != '' and !HasTrailingSlash('bin\Release\')).
Task "Error" skipped, due to false condition; ('$(BaseIntermediateOutputPath)' != '' and !HasTrailingSlash('$(BaseIntermediateOutputPath)')) was evaluated as ('obj\' != '' and !HasTrailingSlash('obj\')).
Task "Error" skipped, due to false condition; ('$(IntermediateOutputPath)' != '' and !HasTrailingSlash('$(IntermediateOutputPath)')) was evaluated as ('obj\Release\' != '' and !HasTrailingSlash('obj\Release\')).
Done building target "_CheckForInvalidConfigurationAndPlatform" in project "PdfViewerBookmark_2015.csproj".
Target "EntityDeploy" skipped, due to false condition; ('@(EntityDeploy)' != '') was evaluated as ('' != '').
Target "BeforeBuild" in file "C:\Windows\Microsoft.NET\Framework\v4.0.30319\Microsoft.Common.targets" from project "C:\Users\aravinth.sampath\AppData\Local\Syncfusion\EssentialStudio\14.3.0.42\Windows\PdfViewer.Windows\Samples\PdfViewer Bookmark\PdfViewer Bookmark\cs\PdfViewerBookmark_2015.csproj" (target "Build" depends on it):
Done building target "BeforeBuild" in project "PdfViewerBookmark_2015.csproj".
Target "BuildOnlySettings" in file "C:\Windows\Microsoft.NET\Framework\v4.0.30319\Microsoft.Common.targets" from project "C:\Users\aravinth.sampath\AppData\Local\Syncfusion\EssentialStudio\14.3.0.42\Windows\PdfViewer.Windows\Samples\PdfViewer Bookmark\PdfViewer Bookmark\cs\PdfViewerBookmark_2015.csproj" (target "CoreBuild" depends on it):
Done building target "BuildOnlySettings" in project "PdfViewerBookmark_2015.csproj".
Target "GetFrameworkPaths" in file "C:\Windows\Microsoft.NET\Framework\v4.0.30319\Microsoft.NETFramework.targets" from project "C:\Users\aravinth.sampath\AppData\Local\Syncfusion\EssentialStudio\14.3.0.42\Windows\PdfViewer.Windows\Samples\PdfViewer Bookmark\PdfViewer Bookmark\cs\PdfViewerBookmark_2015.csproj" (target "PrepareForBuild" depends on it):
Done building target "GetFrameworkPaths" in project "PdfViewerBookmark_2015.csproj".
Target "GetWinFXPath" skipped, due to false condition; (('@(Page)' != '' or '@(ApplicationDefinition)' != '' or '@(Resource)' != '') and ('$(GetWinFXNativePath)' != '' or '$(GetWinFXWoWPath)' != '' )) was evaluated as (('' != '' or '' != '' or '' != '') and ('' != '' or '' != '' )).
Target "GetReferenceAssemblyPaths" in file "C:\Windows\Microsoft.NET\Framework\v4.0.30319\Microsoft.Common.targets" from project "C:\Users\aravinth.sampath\AppData\Local\Syncfusion\EssentialStudio\14.3.0.42\Windows\PdfViewer.Windows\Samples\PdfViewer Bookmark\PdfViewer Bookmark\cs\PdfViewerBookmark_2015.csproj" (target "PrepareForBuild" depends on it):
Using "GetReferenceAssemblyPaths" task from assembly "Microsoft.Build.Tasks.v4.0, Version=4.0.0.0, Culture=neutral, PublicKeyToken=b03f5f7f11d50a3a".
Task "GetReferenceAssemblyPaths"
Done executing task "GetReferenceAssemblyPaths".
Done building target "GetReferenceAssemblyPaths" in project "PdfViewerBookmark_2015.csproj".
Target "PrepareForBuild" in file "C:\Windows\Microsoft.NET\Framework\v4.0.30319\Microsoft.Common.targets" from project "C:\Users\aravinth.sampath\AppData\Local\Syncfusion\EssentialStudio\14.3.0.42\Windows\PdfViewer.Windows\Samples\PdfViewer Bookmark\PdfViewer Bookmark\cs\PdfViewerBookmark_2015.csproj" (target "CoreBuild" depends on it):
Using "FindAppConfigFile" task from assembly "Microsoft.Build.Tasks.v4.0, Version=4.0.0.0, Culture=neutral, PublicKeyToken=b03f5f7f11d50a3a".
Task "FindAppConfigFile"
Done executing task "FindAppConfigFile".
Using "MakeDir" task from assembly "Microsoft.Build.Tasks.v4.0, Version=4.0.0.0, Culture=neutral, PublicKeyToken=b03f5f7f11d50a3a".
Task "MakeDir"
  Creating directory "bin\Release\".
  Creating directory "obj\Release\".
Done executing task "MakeDir".
Done building target "PrepareForBuild" in project "PdfViewerBookmark_2015.csproj".
Target "PreBuildEvent" skipped, due to false condition; ('$(PreBuildEvent)'!='') was evaluated as (''!='').
Target "BeforeResolveReferences" in file "C:\Windows\Microsoft.NET\Framework\v4.0.30319\Microsoft.Common.targets" from project "C:\Users\aravinth.sampath\AppData\Local\Syncfusion\EssentialStudio\14.3.0.42\Windows\PdfViewer.Windows\Samples\PdfViewer Bookmark\PdfViewer Bookmark\cs\PdfViewerBookmark_2015.csproj" (target "ResolveReferences" depends on it):
Done building target "BeforeResolveReferences" in project "PdfViewerBookmark_2015.csproj".
Target "AssignProjectConfiguration" skipped, due to false condition; ('$(CurrentSolutionConfigurationContents)' != '' or '@(ProjectReference)'!='') was evaluated as ('' != '' or ''!='').
Target "AssignProjectConfiguration" skipped, due to false condition; ('$(CurrentSolutionConfigurationContents)' != '' or '@(ProjectReference)'!='') was evaluated as ('' != '' or ''!='').
Target "_SplitProjectReferencesByFileExistence" in file "C:\Windows\Microsoft.NET\Framework\v4.0.30319\Microsoft.Common.targets" from project "C:\Users\aravinth.sampath\AppData\Local\Syncfusion\EssentialStudio\14.3.0.42\Windows\PdfViewer.Windows\Samples\PdfViewer Bookmark\PdfViewer Bookmark\cs\PdfViewerBookmark_2015.csproj" (target "ResolveProjectReferences" depends on it):
Task "ResolveNonMSBuildProjectOutput" skipped, due to false condition; ('$(BuildingInsideVisualStudio)'=='true' and '@(ProjectReferenceWithConfiguration)'!='') was evaluated as (''=='true' and ''!='').
Done building target "_SplitProjectReferencesByFileExistence" in project "PdfViewerBookmark_2015.csproj".
Target "ResolveProjectReferences" in file "C:\Windows\Microsoft.NET\Framework\v4.0.30319\Microsoft.Common.targets" from project "C:\Users\aravinth.sampath\AppData\Local\Syncfusion\EssentialStudio\14.3.0.42\Windows\PdfViewer.Windows\Samples\PdfViewer Bookmark\PdfViewer Bookmark\cs\PdfViewerBookmark_2015.csproj" (target "ResolveReferences" depends on it):
Task "MSBuild" skipped, due to false condition; ('%(_MSBuildProjectReferenceExistent.BuildReference)' == 'true' and '@(ProjectReferenceWithConfiguration)' != '' and ('$(BuildingInsideVisualStudio)' == 'true' or '$(BuildProjectReferences)' != 'true') and '$(VisualStudioVersion)' != '10.0' and '@(_MSBuildProjectReferenceExistent)' != '') was evaluated as ('' == 'true' and '' != '' and ('' == 'true' or 'true' != 'true') and '10.0' != '10.0' and '' != '').
Task "MSBuild" skipped, due to false condition; ('%(_MSBuildProjectReferenceExistent.BuildReference)' == 'true' and '@(ProjectReferenceWithConfiguration)' != '' and ('$(BuildingInsideVisualStudio)' == 'true' or '$(BuildProjectReferences)' != 'true') and '$(VisualStudioVersion)' == '10.0' and '@(_MSBuildProjectReferenceExistent)' != '') was evaluated as ('' == 'true' and '' != '' and ('' == 'true' or 'true' != 'true') and '10.0' == '10.0' and '' != '').
Task "MSBuild" skipped, due to false condition; ('%(_MSBuildProjectReferenceExistent.BuildReference)' == 'true' and '@(ProjectReferenceWithConfiguration)' != '' and '$(BuildingInsideVisualStudio)' != 'true' and '$(BuildProjectReferences)' == 'true' and '@(_MSBuildProjectReferenceExistent)' != '') was evaluated as ('' == 'true' and '' != '' and '' != 'true' and 'true' == 'true' and '' != '').
Task "MSBuild" skipped, due to false condition; ('%(_MSBuildProjectReferenceExistent.BuildReference)' == 'true' and '@(ProjectReferenceWithConfiguration)' != '' and '$(BuildingProject)' == 'true' and '@(_MSBuildProjectReferenceExistent)' != '') was evaluated as ('' == 'true' and '' != '' and 'true' == 'true' and '' != '').
Task "Warning" skipped, due to false condition; ('@(ProjectReferenceWithConfiguration)' != '' and '@(_MSBuildProjectReferenceNonexistent)' != '') was evaluated as ('' != '' and '' != '').
Done building target "ResolveProjectReferences" in project "PdfViewerBookmark_2015.csproj".
Target "ResolveNativeReferences" skipped, due to false condition; ('@(NativeReference)'!='') was evaluated as (''!='').
Target "GetFrameworkPaths" skipped. Previously built successfully.
Target "GetReferenceAssemblyPaths" skipped. Previously built successfully.
Target "PrepareForBuild" skipped. Previously built successfully.
Target "GetInstalledSDKLocations" in file "C:\Windows\Microsoft.NET\Framework\v4.0.30319\Microsoft.Common.targets" from project "C:\Users\aravinth.sampath\AppData\Local\Syncfusion\EssentialStudio\14.3.0.42\Windows\PdfViewer.Windows\Samples\PdfViewer Bookmark\PdfViewer Bookmark\cs\PdfViewerBookmark_2015.csproj" (target "ResolveSDKReferences" depends on it):
Task "GetInstalledSDKLocations" skipped, due to false condition; ('@(SDKReference)' != '') was evaluated as ('' != '').
Done building target "GetInstalledSDKLocations" in project "PdfViewerBookmark_2015.csproj".
Target "ResolveSDKReferences" in file "C:\Windows\Microsoft.NET\Framework\v4.0.30319\Microsoft.Common.targets" from project "C:\Users\aravinth.sampath\AppData\Local\Syncfusion\EssentialStudio\14.3.0.42\Windows\PdfViewer.Windows\Samples\PdfViewer Bookmark\PdfViewer Bookmark\cs\PdfViewerBookmark_2015.csproj" (target "ResolveAssemblyReferences" depends on it):
Task "ResolveSDKReference" skipped, due to false condition; ('@(SDKReference)'!='') was evaluated as (''!='').
Done building target "ResolveSDKReferences" in project "PdfViewerBookmark_2015.csproj".
Target "ResolveSDKReferences" skipped. Previously built successfully.
Target "ExpandSDKReferences" in file "C:\Windows\Microsoft.NET\Framework\v4.0.30319\Microsoft.Common.targets" from project "C:\Users\aravinth.sampath\AppData\Local\Syncfusion\EssentialStudio\14.3.0.42\Windows\PdfViewer.Windows\Samples\PdfViewer Bookmark\PdfViewer Bookmark\cs\PdfViewerBookmark_2015.csproj" (target "ResolveAssemblyReferences" depends on it):
Task "GetSDKReferenceFiles" skipped, due to false condition; ('@(ResolvedSDKReference)'!='') was evaluated as (''!='').
Done building target "ExpandSDKReferences" in project "PdfViewerBookmark_2015.csproj".
Target "ResolveAssemblyReferences" in file "C:\Windows\Microsoft.NET\Framework\v4.0.30319\Microsoft.Common.targets" from project "C:\Users\aravinth.sampath\AppData\Local\Syncfusion\EssentialStudio\14.3.0.42\Windows\PdfViewer.Windows\Samples\PdfViewer Bookmark\PdfViewer Bookmark\cs\PdfViewerBookmark_2015.csproj" (target "ResolveReferences" depends on it):
Using "ResolveAssemblyReference" task from assembly "Microsoft.Build.Tasks.v4.0, Version=4.0.0.0, Culture=neutral, PublicKeyToken=b03f5f7f11d50a3a".
Task "ResolveAssemblyReference"
  TargetFrameworkMoniker:
      .NETFramework,Version=v4.6
  TargetFrameworkMonikerDisplayName:
      .NET Framework 4.6
  TargetedRuntimeVersion:
      v4.0.30319
  Assemblies:
      Syncfusion.Compression.Base, Version=14.2451.0.28, Culture=neutral, PublicKeyToken=3d67ed1f87d44c89, processorArchitecture=MSIL
          HintPath = '..\..\..\..\Assemblies\14\4.6\4.6\Syncfusion.Compression.Base.dll'
          SpecificVersion = 'False'
      Syncfusion.Pdf.Base, Version=14.2451.0.28, Culture=neutral, PublicKeyToken=3d67ed1f87d44c89, processorArchitecture=MSIL
          HintPath = '..\..\..\..\Assemblies\14\4.6\4.6\Syncfusion.Pdf.Base.dll'
          SpecificVersion = 'False'
      Syncfusion.PdfViewer.Windows, Version=14.2451.0.28, Culture=neutral, PublicKeyToken=3d67ed1f87d44c89, processorArchitecture=MSIL
          HintPath = '..\..\..\..\Assemblies\14\4.6\4.6\Syncfusion.PdfViewer.Windows.dll'
          SpecificVersion = 'False'
      System
      System.Data
      System.Deployment
      System.Drawing
      System.Windows.Forms
      System.Xml
      System.Core
  AssemblyFiles:
      C:\Program Files (x86)\Reference Assemblies\Microsoft\Framework\.NETFramework\v4.6\mscorlib.dll
  CandidateAssemblyFiles:
  TargetFrameworkDirectories:
      C:\Program Files (x86)\Reference Assemblies\Microsoft\Framework\.NETFramework\v4.6\,C:\Program Files (x86)\Reference Assemblies\Microsoft\Framework\.NETFramework\v4.6\Facades\
  InstalledAssemblyTables:
  IgnoreInstalledAssemblyTable:
      False
  SearchPaths:
      {CandidateAssemblyFiles}
      {HintPathFromItem}
      {TargetFrameworkDirectory}
      {Registry:Software\Microsoft\.NETFramework,v4.6,AssemblyFoldersEx}
      {AssemblyFolders}
      {GAC}
      {RawFileName}
      bin\Release\
  AllowedAssemblyExtensions:
      .winmd
      .dll
      .exe
  AllowedRelatedFileExtensions:
      .pdb
      .xml
      .pri
  AppConfigFile:
      
  AutoUnify:
      False
  CopyLocalDependenciesWhenParentReferenceInGac:
      True
  FindDependencies:
      True
  TargetProcessorArchitecture:
      msil
  StateFile:
      obj\Release\PdfViewerBookmark_2015.csprojResolveAssemblyReference.cache
  InstalledAssemblySubsetTables:
  IgnoreInstalledAssemblySubsetTable:
      False
  TargetFrameworkSubsets:
  FullTargetFrameworkSubsetNames:
      Full
  ProfileName:
      
  FullFrameworkFolders:
      C:\Program Files (x86)\Reference Assemblies\Microsoft\Framework\.NETFramework\v4.6\
  LatestTargetFrameworkDirectories:
  ProfileTablesLocation:
  Primary reference "mscorlib, Version=4.0.0.0, Culture=neutral, PublicKeyToken=b77a5c561934e089".
      Resolved file path is "C:\Program Files (x86)\Reference Assemblies\Microsoft\Framework\.NETFramework\v4.6\mscorlib.dll".
      Reference found at search path location "C:\Program Files (x86)\Reference Assemblies\Microsoft\Framework\.NETFramework\v4.6\mscorlib.dll".
      This reference is not "CopyLocal" because it's a prerequisite file.
      The ImageRuntimeVersion for this reference is "v4.0.30319".
  Primary reference "Syncfusion.Compression.Base, Version=14.3460.0.42, Culture=neutral, PublicKeyToken=3d67ed1f87d44c89".
      Resolved file path is "C:\Program Files (x86)\Syncfusion\Essential Studio\14.3.0.42\Assemblies\4.6\Syncfusion.Compression.Base.dll".
      Reference found at search path location "{Registry:Software\Microsoft\.NETFramework,v4.6,AssemblyFoldersEx}".
          For SearchPath "{HintPathFromItem}".
          Considered "..\..\..\..\Assemblies\14\4.6\4.6\Syncfusion.Compression.Base.dll", but it didn't exist.
          For SearchPath "{TargetFrameworkDirectory}".
          Considered "C:\Program Files (x86)\Reference Assemblies\Microsoft\Framework\.NETFramework\v4.6\Syncfusion.Compression.Base.winmd", but it didn't exist.
          Considered "C:\Program Files (x86)\Reference Assemblies\Microsoft\Framework\.NETFramework\v4.6\Syncfusion.Compression.Base.dll", but it didn't exist.
          Considered "C:\Program Files (x86)\Reference Assemblies\Microsoft\Framework\.NETFramework\v4.6\Syncfusion.Compression.Base.exe", but it didn't exist.
          Considered "C:\Program Files (x86)\Reference Assemblies\Microsoft\Framework\.NETFramework\v4.6\Facades\Syncfusion.Compression.Base.winmd", but it didn't exist.
          Considered "C:\Program Files (x86)\Reference Assemblies\Microsoft\Framework\.NETFramework\v4.6\Facades\Syncfusion.Compression.Base.dll", but it didn't exist.
          Considered "C:\Program Files (x86)\Reference Assemblies\Microsoft\Framework\.NETFramework\v4.6\Facades\Syncfusion.Compression.Base.exe", but it didn't exist.
          For SearchPath "{Registry:Software\Microsoft\.NETFramework,v4.6,AssemblyFoldersEx}".
          Considered AssemblyFoldersEx locations.
      Found related file "C:\Program Files (x86)\Syncfusion\Essential Studio\14.3.0.42\Assemblies\4.6\Syncfusion.Compression.Base.xml".
      This reference is not "CopyLocal" because it's registered in the GAC.
      The ImageRuntimeVersion for this reference is "v4.0.30319".
  Primary reference "Syncfusion.Pdf.Base, Version=14.3460.0.42, Culture=neutral, PublicKeyToken=3d67ed1f87d44c89".
      Resolved file path is "C:\Program Files (x86)\Syncfusion\Essential Studio\14.3.0.42\Assemblies\4.6\Syncfusion.Pdf.Base.dll".
      Reference found at search path location "{Registry:Software\Microsoft\.NETFramework,v4.6,AssemblyFoldersEx}".
          For SearchPath "{HintPathFromItem}".
          Considered "..\..\..\..\Assemblies\14\4.6\4.6\Syncfusion.Pdf.Base.dll", but it didn't exist.
          For SearchPath "{TargetFrameworkDirectory}".
          Considered "C:\Program Files (x86)\Reference Assemblies\Microsoft\Framework\.NETFramework\v4.6\Syncfusion.Pdf.Base.winmd", but it didn't exist.
          Considered "C:\Program Files (x86)\Reference Assemblies\Microsoft\Framework\.NETFramework\v4.6\Syncfusion.Pdf.Base.dll", but it didn't exist.
          Considered "C:\Program Files (x86)\Reference Assemblies\Microsoft\Framework\.NETFramework\v4.6\Syncfusion.Pdf.Base.exe", but it didn't exist.
          Considered "C:\Program Files (x86)\Reference Assemblies\Microsoft\Framework\.NETFramework\v4.6\Facades\Syncfusion.Pdf.Base.winmd", but it didn't exist.
          Considered "C:\Program Files (x86)\Reference Assemblies\Microsoft\Framework\.NETFramework\v4.6\Facades\Syncfusion.Pdf.Base.dll", but it didn't exist.
          Considered "C:\Program Files (x86)\Reference Assemblies\Microsoft\Framework\.NETFramework\v4.6\Facades\Syncfusion.Pdf.Base.exe", but it didn't exist.
          For SearchPath "{Registry:Software\Microsoft\.NETFramework,v4.6,AssemblyFoldersEx}".
          Considered AssemblyFoldersEx locations.
      Found related file "C:\Program Files (x86)\Syncfusion\Essential Studio\14.3.0.42\Assemblies\4.6\Syncfusion.Pdf.Base.xml".
      This reference is not "CopyLocal" because it's registered in the GAC.
      The ImageRuntimeVersion for this reference is "v4.0.30319".
  Primary reference "Syncfusion.PdfViewer.Windows, Version=14.3460.0.42, Culture=neutral, PublicKeyToken=3d67ed1f87d44c89".
      Resolved file path is "C:\Program Files (x86)\Syncfusion\Essential Studio\14.3.0.42\Assemblies\4.6\Syncfusion.PdfViewer.Windows.dll".
      Reference found at search path location "{Registry:Software\Microsoft\.NETFramework,v4.6,AssemblyFoldersEx}".
          For SearchPath "{HintPathFromItem}".
          Considered "..\..\..\..\Assemblies\14\4.6\4.6\Syncfusion.PdfViewer.Windows.dll", but it didn't exist.
          For SearchPath "{TargetFrameworkDirectory}".
          Considered "C:\Program Files (x86)\Reference Assemblies\Microsoft\Framework\.NETFramework\v4.6\Syncfusion.PdfViewer.Windows.winmd", but it didn't exist.
          Considered "C:\Program Files (x86)\Reference Assemblies\Microsoft\Framework\.NETFramework\v4.6\Syncfusion.PdfViewer.Windows.dll", but it didn't exist.
          Considered "C:\Program Files (x86)\Reference Assemblies\Microsoft\Framework\.NETFramework\v4.6\Syncfusion.PdfViewer.Windows.exe", but it didn't exist.
          Considered "C:\Program Files (x86)\Reference Assemblies\Microsoft\Framework\.NETFramework\v4.6\Facades\Syncfusion.PdfViewer.Windows.winmd", but it didn't exist.
          Considered "C:\Program Files (x86)\Reference Assemblies\Microsoft\Framework\.NETFramework\v4.6\Facades\Syncfusion.PdfViewer.Windows.dll", but it didn't exist.
          Considered "C:\Program Files (x86)\Reference Assemblies\Microsoft\Framework\.NETFramework\v4.6\Facades\Syncfusion.PdfViewer.Windows.exe", but it didn't exist.
          For SearchPath "{Registry:Software\Microsoft\.NETFramework,v4.6,AssemblyFoldersEx}".
          Considered AssemblyFoldersEx locations.
      Found related file "C:\Program Files (x86)\Syncfusion\Essential Studio\14.3.0.42\Assemblies\4.6\Syncfusion.PdfViewer.Windows.xml".
      This reference is not "CopyLocal" because it's registered in the GAC.
      The ImageRuntimeVersion for this reference is "v4.0.30319".
  Primary reference "System, Version=4.0.0.0, Culture=neutral, PublicKeyToken=b77a5c561934e089".
      Resolved file path is "C:\Program Files (x86)\Reference Assemblies\Microsoft\Framework\.NETFramework\v4.6\System.dll".
      Reference found at search path location "{TargetFrameworkDirectory}".
          For SearchPath "{TargetFrameworkDirectory}".
          Considered "C:\Program Files (x86)\Reference Assemblies\Microsoft\Framework\.NETFramework\v4.6\System.winmd", but it didn't exist.
      This reference is not "CopyLocal" because it's a prerequisite file.
      The ImageRuntimeVersion for this reference is "v4.0.30319".
  Primary reference "System.Data, Version=4.0.0.0, Culture=neutral, PublicKeyToken=b77a5c561934e089".
      Resolved file path is "C:\Program Files (x86)\Reference Assemblies\Microsoft\Framework\.NETFramework\v4.6\System.Data.dll".
      Reference found at search path location "{TargetFrameworkDirectory}".
          For SearchPath "{TargetFrameworkDirectory}".
          Considered "C:\Program Files (x86)\Reference Assemblies\Microsoft\Framework\.NETFramework\v4.6\System.Data.winmd", but it didn't exist.
      This reference is not "CopyLocal" because it's a prerequisite file.
      The ImageRuntimeVersion for this reference is "v4.0.30319".
  Primary reference "System.Deployment, Version=4.0.0.0, Culture=neutral, PublicKeyToken=b03f5f7f11d50a3a".
      Resolved file path is "C:\Program Files (x86)\Reference Assemblies\Microsoft\Framework\.NETFramework\v4.6\System.Deployment.dll".
      Reference found at search path location "{TargetFrameworkDirectory}".
          For SearchPath "{TargetFrameworkDirectory}".
          Considered "C:\Program Files (x86)\Reference Assemblies\Microsoft\Framework\.NETFramework\v4.6\System.Deployment.winmd", but it didn't exist.
      This reference is not "CopyLocal" because it's a prerequisite file.
      The ImageRuntimeVersion for this reference is "v4.0.30319".
  Primary reference "System.Drawing, Version=4.0.0.0, Culture=neutral, PublicKeyToken=b03f5f7f11d50a3a".
      Resolved file path is "C:\Program Files (x86)\Reference Assemblies\Microsoft\Framework\.NETFramework\v4.6\System.Drawing.dll".
      Reference found at search path location "{TargetFrameworkDirectory}".
          For SearchPath "{TargetFrameworkDirectory}".
          Considered "C:\Program Files (x86)\Reference Assemblies\Microsoft\Framework\.NETFramework\v4.6\System.Drawing.winmd", but it didn't exist.
      This reference is not "CopyLocal" because it's a prerequisite file.
      The ImageRuntimeVersion for this reference is "v4.0.30319".
  Primary reference "System.Windows.Forms, Version=4.0.0.0, Culture=neutral, PublicKeyToken=b77a5c561934e089".
      Resolved file path is "C:\Program Files (x86)\Reference Assemblies\Microsoft\Framework\.NETFramework\v4.6\System.Windows.Forms.dll".
      Reference found at search path location "{TargetFrameworkDirectory}".
          For SearchPath "{TargetFrameworkDirectory}".
          Considered "C:\Program Files (x86)\Reference Assemblies\Microsoft\Framework\.NETFramework\v4.6\System.Windows.Forms.winmd", but it didn't exist.
      This reference is not "CopyLocal" because it's a prerequisite file.
      The ImageRuntimeVersion for this reference is "v4.0.30319".
  Primary reference "System.Xml, Version=4.0.0.0, Culture=neutral, PublicKeyToken=b77a5c561934e089".
      Resolved file path is "C:\Program Files (x86)\Reference Assemblies\Microsoft\Framework\.NETFramework\v4.6\System.Xml.dll".
      Reference found at search path location "{TargetFrameworkDirectory}".
          For SearchPath "{TargetFrameworkDirectory}".
          Considered "C:\Program Files (x86)\Reference Assemblies\Microsoft\Framework\.NETFramework\v4.6\System.Xml.winmd", but it didn't exist.
      This reference is not "CopyLocal" because it's a prerequisite file.
      The ImageRuntimeVersion for this reference is "v4.0.30319".
  Primary reference "System.Core, Version=4.0.0.0, Culture=neutral, PublicKeyToken=b77a5c561934e089".
      Resolved file path is "C:\Program Files (x86)\Reference Assemblies\Microsoft\Framework\.NETFramework\v4.6\System.Core.dll".
      Reference found at search path location "{TargetFrameworkDirectory}".
          For SearchPath "{TargetFrameworkDirectory}".
          Considered "C:\Program Files (x86)\Reference Assemblies\Microsoft\Framework\.NETFramework\v4.6\System.Core.winmd", but it didn't exist.
      This reference is not "CopyLocal" because it's a prerequisite file.
      The ImageRuntimeVersion for this reference is "v4.0.30319".
  Dependency "System.Web, Version=4.0.0.0, Culture=neutral, PublicKeyToken=b03f5f7f11d50a3a".
      Resolved file path is "C:\Program Files (x86)\Reference Assemblies\Microsoft\Framework\.NETFramework\v4.6\System.Web.dll".
      Reference found at search path location "{TargetFrameworkDirectory}".
          For SearchPath "C:\Program Files (x86)\Syncfusion\Essential Studio\14.3.0.42\Assemblies\4.6".
          Considered "C:\Program Files (x86)\Syncfusion\Essential Studio\14.3.0.42\Assemblies\4.6\System.Web.winmd", but it didn't exist.
          Considered "C:\Program Files (x86)\Syncfusion\Essential Studio\14.3.0.42\Assemblies\4.6\System.Web.dll", but it didn't exist.
          Considered "C:\Program Files (x86)\Syncfusion\Essential Studio\14.3.0.42\Assemblies\4.6\System.Web.exe", but it didn't exist.
          For SearchPath "{TargetFrameworkDirectory}".
          Considered "C:\Program Files (x86)\Reference Assemblies\Microsoft\Framework\.NETFramework\v4.6\System.Web.winmd", but it didn't exist.
      Required by "Syncfusion.Pdf.Base, Version=14.2451.0.28, Culture=neutral, PublicKeyToken=3d67ed1f87d44c89, processorArchitecture=MSIL".
      Required by "Syncfusion.PdfViewer.Windows, Version=14.2451.0.28, Culture=neutral, PublicKeyToken=3d67ed1f87d44c89, processorArchitecture=MSIL".
      This reference is not "CopyLocal" because it's a prerequisite file.
      The ImageRuntimeVersion for this reference is "v4.0.30319".
  Dependency "System.Security, Version=4.0.0.0, Culture=neutral, PublicKeyToken=b03f5f7f11d50a3a".
      Resolved file path is "C:\Program Files (x86)\Reference Assemblies\Microsoft\Framework\.NETFramework\v4.6\System.Security.dll".
      Reference found at search path location "{TargetFrameworkDirectory}".
          For SearchPath "C:\Program Files (x86)\Syncfusion\Essential Studio\14.3.0.42\Assemblies\4.6".
          Considered "C:\Program Files (x86)\Syncfusion\Essential Studio\14.3.0.42\Assemblies\4.6\System.Security.winmd", but it didn't exist.
          Considered "C:\Program Files (x86)\Syncfusion\Essential Studio\14.3.0.42\Assemblies\4.6\System.Security.dll", but it didn't exist.
          Considered "C:\Program Files (x86)\Syncfusion\Essential Studio\14.3.0.42\Assemblies\4.6\System.Security.exe", but it didn't exist.
          For SearchPath "{TargetFrameworkDirectory}".
          Considered "C:\Program Files (x86)\Reference Assemblies\Microsoft\Framework\.NETFramework\v4.6\System.Security.winmd", but it didn't exist.
      Required by "Syncfusion.Pdf.Base, Version=14.2451.0.28, Culture=neutral, PublicKeyToken=3d67ed1f87d44c89, processorArchitecture=MSIL".
      Required by "Syncfusion.PdfViewer.Windows, Version=14.2451.0.28, Culture=neutral, PublicKeyToken=3d67ed1f87d44c89, processorArchitecture=MSIL".
      This reference is not "CopyLocal" because it's a prerequisite file.
      The ImageRuntimeVersion for this reference is "v4.0.30319".
  AssemblyFoldersEx location: "{Registry:Software\Microsoft\.NETFramework,v4.6,AssemblyFoldersEx}"
          C:\Program Files (x86)\NUnit 2.6.4\bin\framework\
          C:\Program Files (x86)\Microsoft Synchronization Services\ADO.NET\v1.0
          C:\Program Files (x86)\Syncfusion\Essential Studio\14.3.0.42\Assemblies\4.6
          C:\Program Files (x86)\Microsoft SQL Server Compact Edition\v4.0\Desktop
          C:\Program Files (x86)\Microsoft SQL Server Compact Edition\v3.5\Desktop
          C:\Program Files (x86)\Syncfusion\Essential Studio\14.3.0.42\Assemblies\4.6
          C:\Program Files (x86)\Syncfusion\Essential Studio\14.3.0.42\Assemblies\4.5.1
          C:\Program Files (x86)\Syncfusion\Essential Studio\14.3.0.42\Assemblies\4.5
          C:\Program Files (x86)\Reference Assemblies\Microsoft\MSBuild\v14.0
          C:\Program Files (x86)\Reference Assemblies\Microsoft\MSBuild\v12.0
          C:\Program Files (x86)\Microsoft Web Tools\ReferenceAssemblies\14.0\
          C:\Program Files (x86)\Microsoft Web Tools\ReferenceAssemblies\12.0\
          C:\Program Files (x86)\Microsoft Visual Studio 12.0\Common7\IDE\ReferenceAssemblies\v4.5\
          C:\Program Files (x86)\Microsoft Visual Studio 11.0\Common7\IDE\ReferenceAssemblies\v4.5\
          C:\Program Files (x86)\Syncfusion\Essential Studio\14.3.0.42\Assemblies\4.5
          C:\Program Files (x86)\GrapeCity\Spread Studio 9\WinRT\9.40.20161.0\Bin\
          C:\Program Files (x86)\Microsoft Visual Studio 12.0\Common7\IDE\PublicAssemblies\
          C:\Program Files (x86)\Microsoft Visual Studio 11.0\Common7\IDE\PublicAssemblies\
          C:\Program Files (x86)\Microsoft.NET\Primary Interop Assemblies\
          C:\Program Files (x86)\Reference Assemblies\Microsoft\FSharp\.NETFramework\v4.0\4.3.0.0\Type Providers\
          C:\Program Files (x86)\Reference Assemblies\Microsoft\FSharp\.NETFramework\v4.0\4.3.0.0\
          C:\Program Files (x86)\Reference Assemblies\Microsoft\FSharp\.NETFramework\v4.0\4.3.1.0\
          C:\Program Files (x86)\Reference Assemblies\Microsoft\FSharp\3.0\Runtime\v4.0\Type Providers\
          C:\Program Files (x86)\Reference Assemblies\Microsoft\FSharp\3.0\Runtime\v4.0\
          C:\Program Files (x86)\Microsoft Visual Studio 14.0\VSSDK\VisualStudioIntegration\Common\Assemblies\v4.0\
          C:\Program Files (x86)\Syncfusion\Essential Studio\14.3.0.42\Assemblies\4.6
          C:\Program Files (x86)\Microsoft Visual Studio 14.0\Common7\IDE\ReferenceAssemblies\v4.5\
          C:\Program Files (x86)\Syncfusion\Essential Studio\14.3.0.42\Assemblies\4.6
          C:\Program Files (x86)\Microsoft Visual Studio 14.0\Common7\IDE\PublicAssemblies\
          C:\Program Files (x86)\Microsoft.NET\Primary Interop Assemblies\
          C:\Program Files (x86)\Syncfusion\Essential Studio\14.3.0.42\Assemblies\4.6
          C:\Program Files (x86)\Reference Assemblies\Microsoft\FSharp\.NETFramework\v4.0\4.3.0.0\Type Providers\
          C:\Program Files (x86)\Reference Assemblies\Microsoft\FSharp\.NETFramework\v4.0\4.3.1.0\
          C:\Program Files (x86)\Reference Assemblies\Microsoft\FSharp\.NETFramework\v4.0\4.3.0.0\
          C:\Program Files (x86)\Reference Assemblies\Microsoft\FSharp\.NETFramework\v4.0\4.4.0.0\
          C:\Program Files (x86)\Microsoft SDKs\Expression\Blend\.NETFramework\v4.5\Prototyping\Libraries\
          C:\Program Files (x86)\Microsoft SDKs\Expression\Blend\.NETFramework\v4.5\Libraries\
          C:\Program Files\Reference Assemblies\Microsoft\Workflow Manager\1.0\
          C:\Program Files (x86)\Microsoft WCF Data Services\5.6\bin\.NETFramework\
          C:\Program Files (x86)\Microsoft WCF Data Services\5.0\bin\.NETFramework\
          C:\Program Files\Reference Assemblies\Microsoft\VSTO40\v4.0.Framework\
          C:\Program Files\Reference Assemblies\Microsoft\VSTA30\v9.0\
          C:\Program Files\Reference Assemblies\Microsoft\VSTA30\v8.0\
          C:\Program Files\Reference Assemblies\Microsoft\VSTA30\v10.0\
          C:\Program Files (x86)\Microsoft Visual Studio 14.0\Visual Studio Tools for Office\PIA\Office15\
          C:\Program Files (x86)\Microsoft Visual Studio 14.0\Visual Studio Tools for Office\PIA\Office14\
          C:\Program Files (x86)\Microsoft Visual Studio 14.0\Visual Studio Tools for Office\PIA\Common\
          C:\Program Files (x86)\Microsoft Visual Studio 12.0\Visual Studio Tools for Office\PIA\Office15\
          C:\Program Files (x86)\Microsoft Visual Studio 12.0\Visual Studio Tools for Office\PIA\Office14\
          C:\Program Files (x86)\Microsoft Visual Studio 12.0\Visual Studio Tools for Office\PIA\Common\
          C:\Program Files (x86)\Microsoft Visual Studio 10.0\Visual Studio Tools for Office\PIA\Office14\
          C:\Program Files (x86)\Microsoft Visual Studio 10.0\Visual Studio Tools for Office\PIA\Office12\
          C:\Program Files (x86)\Microsoft Visual Studio 10.0\Visual Studio Tools for Office\PIA\Common\
          C:\Program Files (x86)\Microsoft Visual Studio 12.0\Common7\IDE\Extensions\Microsoft\SharePoint\PublicAssemblies\
          C:\Program Files (x86)\Microsoft Visual Studio 14.0\Common7\IDE\ReferenceAssemblies\v4.0\
          C:\Program Files (x86)\Microsoft Visual Studio 12.0\Common7\IDE\ReferenceAssemblies\v4.0\
          C:\Program Files (x86)\Microsoft Visual Studio 11.0\Common7\IDE\ReferenceAssemblies\v4.0\
          C:\Program Files (x86)\Microsoft Visual Studio 10.0\Common7\IDE\ReferenceAssemblies\v4.0\
          C:\Program Files (x86)\MSBuild\Microsoft.Cpp\v4.0\Platforms\x64\
          C:\Program Files (x86)\MSBuild\Microsoft.Cpp\v4.0\Platforms\Win32\
          C:\Program Files (x86)\MSBuild\Microsoft.Cpp\v4.0\V120\
          C:\Program Files (x86)\Reference Assemblies\Microsoft\VBPowerPacks\v10.0\
          C:\Program Files (x86)\Syncfusion\Essential Studio\14.3.0.42\Assemblies\4.0
          C:\Program Files (x86)\GrapeCity\Spread Studio 9\WPF Silverlight\9.40.20161.0\WPF\Bin\
          C:\Program Files (x86)\GrapeCity\Spread Studio 9\Windows Forms\v9.35.20161.0\bin\
          C:\Program Files (x86)\GrapeCity\Spread Studio 9\Windows Forms\v9.20.20161.0\bin\
          C:\Program Files (x86)\GrapeCity\Spread Studio 9\ASP.NET\v9.40.20161.0\bin\
          C:\Program Files\Common Files\Microsoft Shared\Web Server Extensions\16\TEMPLATE\WorkflowActivities\
          
          C:\Program Files\Common Files\Microsoft Shared\Web Server Extensions\15\TEMPLATE\WorkflowActivities\
          C:\Program Files\Common Files\Microsoft Shared\Web Server Extensions\16\ISAPI\
          C:\Program Files\Common Files\Microsoft Shared\Web Server Extensions\15\ISAPI\
          C:\Program Files (x86)\Microsoft SDKs\RIA Services\v1.0\Libraries\Server\
          C:\Program Files (x86)\Microsoft Visual Studio 10.0\ReportViewer\
          C:\Program Files (x86)\Microsoft Visual Studio 10.0\Common7\IDE\PublicAssemblies\
          C:\Program Files (x86)\Microsoft.NET\Primary Interop Assemblies\
          C:\Program Files (x86)\Open XML SDK\V2.5\lib
          C:\Program Files (x86)\GrapeCity\Spread Studio 9\MultiRow\v8.20.20153.0\Bin\
          C:\Program Files (x86)\Reference Assemblies\Microsoft\FSharp\2.0\Runtime\v4.0\
          C:\Program Files (x86)\Reference Assemblies\Microsoft\FSharp\.NETFramework\v4.0\4.3.0.0\Type Providers\
          C:\Program Files (x86)\Reference Assemblies\Microsoft\FSharp\.NETFramework\v4.0\4.3.1.0\
          C:\Program Files (x86)\Reference Assemblies\Microsoft\FSharp\.NETFramework\v4.0\4.3.0.0\
          C:\Program Files (x86)\Reference Assemblies\Microsoft\FSharp\.NETFramework\v4.0\4.4.0.0\
          C:\Program Files (x86)\Reference Assemblies\Microsoft\FSharp\.NETFramework\v4.0\4.3.0.0\Type Providers\
          C:\Program Files (x86)\Reference Assemblies\Microsoft\FSharp\.NETFramework\v4.0\4.3.0.0\
          C:\Program Files (x86)\Reference Assemblies\Microsoft\FSharp\.NETFramework\v4.0\4.3.1.0\
          C:\Program Files (x86)\Reference Assemblies\Microsoft\FSharp\3.0\Runtime\v4.0\Type Providers\
          C:\Program Files (x86)\Reference Assemblies\Microsoft\FSharp\3.0\Runtime\v4.0\
          C:\Program Files (x86)\Microsoft SDKs\Expression\Blend\.NETFramework\v4.0\Prototyping\Libraries\
          C:\Program Files (x86)\Microsoft SDKs\Expression\Blend\.NETFramework\v4.0\Libraries\
          c:\Program Files (x86)\Microsoft Expression\Encoder 4\SDK\
          C:\Program Files (x86)\Microsoft Visual Studio 10.0\VSTSDB\
          C:\Program Files (x86)\Microsoft ASP.NET\ASP.NET Web Pages\v2.0\Assemblies\
          C:\Program Files (x86)\Microsoft ASP.NET\ASP.NET Web Pages\v1.0\Assemblies\
          C:\Program Files (x86)\Microsoft ASP.NET\ASP.NET MVC 4\Assemblies\
          C:\Program Files (x86)\Microsoft ASP.NET\ASP.NET MVC 3\Assemblies\
          C:\Program Files (x86)\GrapeCity\Spread Studio 9\Windows Forms\v9.35.20161.0\bin\
          C:\Program Files (x86)\GrapeCity\Spread Studio 9\Windows Forms\v9.20.20161.0\bin\
          C:\Program Files (x86)\GrapeCity\Spread Studio 9\ASP.NET\v9.40.20161.0\bin\
          C:\Program Files (x86)\Microsoft Visual Studio 14.0\ReportViewer\
          
          C:\Program Files (x86)\GrapeCity\Spread Studio 9\MultiRow\v8.20.20153.0\Bin\
          C:\Program Files\Reference Assemblies\Microsoft\Microsoft Identity Extensions\1.0\
          C:\Program Files (x86)\GrapeCity\Spread Studio 9\Windows Forms\v9.20.20161.0\bin\
          C:\Program Files (x86)\GrapeCity\Spread Studio 9\ASP.NET\v9.40.20161.0\bin\
          C:\Program Files (x86)\GrapeCity\Spread Studio 9\MultiRow\v8.20.20153.0\Bin\
          C:\Program Files\Reference Assemblies\Microsoft\VSTO40\v9.0\
          C:\Program Files\Reference Assemblies\Microsoft\VSTO40\v10.0\
          C:\Program Files\Reference Assemblies\Microsoft\VSTA30\v9.0\
          C:\Program Files\Reference Assemblies\Microsoft\VSTA30\v10.0\
          C:\Program Files (x86)\Microsoft Visual Studio 10.0\Visual Studio Tools for Office\PIA\Office14\
          C:\Program Files (x86)\Microsoft Visual Studio 10.0\Visual Studio Tools for Office\PIA\Office12\
          C:\Program Files (x86)\Microsoft Visual Studio 10.0\Visual Studio Tools for Office\PIA\Common\
          C:\Program Files (x86)\Microsoft Visual Studio 12.0\Common7\IDE\Extensions\Microsoft\SharePoint\PublicAssemblies\
          C:\Program Files (x86)\Microsoft Visual Studio 14.0\VSSDK\VisualStudioIntegration\Common\Assemblies\v2.0\
          C:\Program Files (x86)\Microsoft Visual Studio 14.0\Common7\IDE\ReferenceAssemblies\v2.0\
          C:\Program Files (x86)\Microsoft Visual Studio 12.0\Common7\IDE\ReferenceAssemblies\v2.0\
          C:\Program Files (x86)\Microsoft Visual Studio 11.0\Common7\IDE\ReferenceAssemblies\v2.0\
          C:\Program Files (x86)\Microsoft Visual Studio 10.0\Common7\IDE\ReferenceAssemblies\v2.0\
          C:\Program Files (x86)\VectorDraw\Common
          C:\Program Files (x86)\Reference Assemblies\Microsoft\VBPowerPacks\v10.0\
          C:\Program Files (x86)\Common Files\Microsoft Shared\Visual Basic Power Packs\1.1\
          C:\Program Files (x86)\Microsoft Visual Studio 10.0\Common7\IDE\ReferenceAssemblies\v2.0\
          C:\Program Files (x86)\Microsoft Synchronization Services\ADO.NET\v1.0
          C:\Program Files (x86)\Syncfusion\Essential Studio\14.3.0.42\Assemblies\3.5
          C:\Program Files (x86)\Microsoft SDKs\Microsoft Sync Framework\v1.0\Runtime\ADO.NET\V2.0\x64\
          C:\Program Files (x86)\Microsoft SQL Server Compact Edition\v4.0\Desktop
          C:\Program Files (x86)\Microsoft SQL Server Compact Edition\v3.5\Desktop
          C:\Program Files (x86)\GrapeCity\Spread Studio 9\WPF Silverlight\9.40.20161.0\WPF\Bin\
          C:\Program Files (x86)\GrapeCity\Spread Studio 9\Windows Forms\v9.20.20161.0\bin\
          C:\Program Files (x86)\GrapeCity\Spread Studio 9\ASP.NET\v9.40.20161.0\bin\
          C:\Program Files (x86)\Microsoft Visual Studio 10.0\ReportViewer\
          C:\Program Files (x86)\Microsoft Visual Studio 9.0\ReportViewer\
          C:\Program Files (x86)\Microsoft Visual Studio 8\ReportViewer\
          C:\Program Files (x86)\Microsoft Visual Studio 9.0\Common7\IDE\PublicAssemblies\
          C:\Program Files (x86)\Common Files\Microsoft Shared\MSEnv\PublicAssemblies\
          C:\Program Files (x86)\Microsoft Visual Studio 8\Common7\IDE\PublicAssemblies\
          C:\Program Files (x86)\Microsoft.NET\Primary Interop Assemblies\
          C:\Program Files (x86)\GrapeCity\Spread Studio 9\MultiRow\v8.20.20153.0\Bin\
          C:\Program Files (x86)\Microsoft Chart Controls\Assemblies
          C:\Program Files (x86)\Reference Assemblies\Microsoft\FSharp\2.0\Runtime\v2.0\
          C:\Program Files (x86)\Microsoft SDKs\Microsoft Sync Framework\v1.0\Runtime\x86\
          C:\Program Files (x86)\Reference Assemblies\Microsoft\FSharp\.NETFramework\v2.0\2.3.0.0\
          C:\Program Files (x86)\Reference Assemblies\Microsoft\FSharp\.NETFramework\v2.0\2.3.0.0\
          C:\Program Files (x86)\Reference Assemblies\Microsoft\FSharp\3.0\Runtime\v2.0\
          C:\Program Files (x86)\Microsoft Visual Studio 12.0\Blend\
          C:\Program Files (x86)\Microsoft Visual Studio 12.0\Blend\
          C:\Program Files (x86)\Microsoft ASP.NET\ASP.NET MVC 2\Assemblies\
Done executing task "ResolveAssemblyReference".
Done building target "ResolveAssemblyReferences" in project "PdfViewerBookmark_2015.csproj".
Target "ResolveComReferences" skipped, due to false condition; ('@(COMReference)'!='' or '@(COMFileReference)'!='') was evaluated as (''!='' or ''!='').
Target "AfterResolveReferences" in file "C:\Windows\Microsoft.NET\Framework\v4.0.30319\Microsoft.Common.targets" from project "C:\Users\aravinth.sampath\AppData\Local\Syncfusion\EssentialStudio\14.3.0.42\Windows\PdfViewer.Windows\Samples\PdfViewer Bookmark\PdfViewer Bookmark\cs\PdfViewerBookmark_2015.csproj" (target "ResolveReferences" depends on it):
Done building target "AfterResolveReferences" in project "PdfViewerBookmark_2015.csproj".
Target "GetReferenceAssemblyPaths" skipped. Previously built successfully.
Target "ImplicitlyExpandDesignTimeFacades" in file "C:\Windows\Microsoft.NET\Framework\v4.0.30319\Microsoft.NETFramework.targets" from project "C:\Users\aravinth.sampath\AppData\Local\Syncfusion\EssentialStudio\14.3.0.42\Windows\PdfViewer.Windows\Samples\PdfViewer Bookmark\PdfViewer Bookmark\cs\PdfViewerBookmark_2015.csproj" (target "ResolveReferences" depends on it):
Task "Message" skipped, due to false condition; ('%(ReferencePath.ResolvedFrom)' == 'ImplicitlyExpandDesignTimeFacades') was evaluated as ('C:\Program Files (x86)\Reference Assemblies\Microsoft\Framework\.NETFramework\v4.6\mscorlib.dll' == 'ImplicitlyExpandDesignTimeFacades').
Task "Message" skipped, due to false condition; ('%(ReferencePath.ResolvedFrom)' == 'ImplicitlyExpandDesignTimeFacades') was evaluated as ('{Registry:Software\Microsoft\.NETFramework,v4.6,AssemblyFoldersEx}' == 'ImplicitlyExpandDesignTimeFacades').
Task "Message" skipped, due to false condition; ('%(ReferencePath.ResolvedFrom)' == 'ImplicitlyExpandDesignTimeFacades') was evaluated as ('{TargetFrameworkDirectory}' == 'ImplicitlyExpandDesignTimeFacades').
Done building target "ImplicitlyExpandDesignTimeFacades" in project "PdfViewerBookmark_2015.csproj".
Target "ResolveTestReferences" skipped, due to false condition; ('@(Shadow)'!='') was evaluated as (''!='').
Target "ResolveReferences" in file "C:\Windows\Microsoft.NET\Framework\v4.0.30319\Microsoft.Common.targets" from project "C:\Users\aravinth.sampath\AppData\Local\Syncfusion\EssentialStudio\14.3.0.42\Windows\PdfViewer.Windows\Samples\PdfViewer Bookmark\PdfViewer Bookmark\cs\PdfViewerBookmark_2015.csproj" (target "CoreBuild" depends on it):
Done building target "ResolveReferences" in project "PdfViewerBookmark_2015.csproj".
Target "ValidationExtension" in file "C:\Windows\Microsoft.NET\Framework\v4.0.30319\Microsoft.WorkflowBuildExtensions.targets" from project "C:\Users\aravinth.sampath\AppData\Local\Syncfusion\EssentialStudio\14.3.0.42\Windows\PdfViewer.Windows\Samples\PdfViewer Bookmark\PdfViewer Bookmark\cs\PdfViewerBookmark_2015.csproj" (target "PrepareResources" depends on it):
Task "WorkflowBuildMessageTask" skipped, due to false condition; ('$(SkipWorkflowValidation)'!='' and '$(SkipWorkflowValidation)'!='true' and '$(SkipWorkflowValidation)'!='false') was evaluated as (''!='' and ''!='true' and ''!='false').
Done building target "ValidationExtension" in project "PdfViewerBookmark_2015.csproj".
Target "ExpressionBuildExtension" in file "C:\Windows\Microsoft.NET\Framework\v4.0.30319\Microsoft.WorkflowBuildExtensions.targets" from project "C:\Users\aravinth.sampath\AppData\Local\Syncfusion\EssentialStudio\14.3.0.42\Windows\PdfViewer.Windows\Samples\PdfViewer Bookmark\PdfViewer Bookmark\cs\PdfViewerBookmark_2015.csproj" (target "PrepareResources" depends on it):
Task "WorkflowBuildMessageTask" skipped, due to false condition; ('$(DisableWorkflowCompiledExpressions)'!='' and '$(DisableWorkflowCompiledExpressions)'!='true' and '$(DisableWorkflowCompiledExpressions)'!='false') was evaluated as (''!='' and ''!='true' and ''!='false').
Done building target "ExpressionBuildExtension" in project "PdfViewerBookmark_2015.csproj".
Target "XamlMarkupCompilePass1" skipped, due to false condition; ('@(XamlPage)' != '' or '@(XamlAppDef)' != '') was evaluated as ('' != '' or '' != '').
Target "XamlMarkupCompileReadGeneratedFileList" skipped, due to false condition; ('@(XamlPage)' != '' or '@(XamlAppDef)' != '') was evaluated as ('' != '' or '' != '').
Target "XamlMarkupCompileAddFilesGenerated" skipped, due to false condition; ('@(XamlPage)' != '' or '@(XamlAppDef)' != '') was evaluated as ('' != '' or '' != '').
Target "XamlMarkupCompilePass2" skipped, due to false condition; ('$(XamlRequiresCompilationPass2)' == 'true' ) was evaluated as ('false' == 'true' ).
Target "XamlMarkupCompileReadPass2Flag" skipped, due to false condition; ('@(XamlPage)' != '' or '@(XamlAppDef)' != '') was evaluated as ('' != '' or '' != '').
Target "XamlMarkupCompileAddExtensionFilesGenerated" skipped, due to false condition; ('@(XamlPage)' != '' or '@(XamlAppDef)' != '') was evaluated as ('' != '' or '' != '').
Target "AddDeferredValidationErrorsFileToFileWrites" skipped, due to false condition; (Exists('$(DeferredValidationErrorsFileName)')) was evaluated as (Exists('obj\Release\\AC2C1ABA-CCF6-44D4-8127-588FD4D0A860-DeferredValidationErrors.xml')).
Target "ReportValidationBuildExtensionErrors" skipped, due to false condition; ('$(SkipWorkflowValidation)' != 'true' and ('@(XamlPage)' != '' or '@(XamlAppDef)' != '')) was evaluated as ('' != 'true' and ('' != '' or '' != '')).
Target "MarkupCompilePass1" skipped, due to false condition; ('@(Page)' != '' or '@(ApplicationDefinition)' != '' ) was evaluated as ('' != '' or '' != '' ).
Target "AfterMarkupCompilePass1" in file "C:\Windows\Microsoft.NET\Framework\v4.0.30319\Microsoft.WinFX.targets" from project "C:\Users\aravinth.sampath\AppData\Local\Syncfusion\EssentialStudio\14.3.0.42\Windows\PdfViewer.Windows\Samples\PdfViewer Bookmark\PdfViewer Bookmark\cs\PdfViewerBookmark_2015.csproj" (target "PrepareResources" depends on it):
Done building target "AfterMarkupCompilePass1" in project "PdfViewerBookmark_2015.csproj".
Target "MarkupCompilePass2ForMainAssembly" skipped, due to false condition; ('$(_RequireMCPass2ForMainAssembly)' == 'true' ) was evaluated as ('false' == 'true' ).
Target "FileClassification" in file "C:\Windows\Microsoft.NET\Framework\v4.0.30319\Microsoft.WinFX.targets" from project "C:\Users\aravinth.sampath\AppData\Local\Syncfusion\EssentialStudio\14.3.0.42\Windows\PdfViewer.Windows\Samples\PdfViewer Bookmark\PdfViewer Bookmark\cs\PdfViewerBookmark_2015.csproj" (target "PrepareResources" depends on it):
Task "FileClassifier" skipped, due to false condition; ('@(GeneratedBaml)' != '' or '@(Resource)' != '' or '@(Font)' != '') was evaluated as ('' != '' or '' != '' or '' != '').
Task "Message" skipped, due to false condition; ('$(MSBuildTargetsVerbose)'=='true') was evaluated as (''=='true').
Task "Message" skipped, due to false condition; ('$(MSBuildTargetsVerbose)'=='true') was evaluated as (''=='true').
Done building target "FileClassification" in project "PdfViewerBookmark_2015.csproj".
Target "MainResourcesGeneration" skipped, due to false condition; ('@(MainEmbeddedFiles)' != '') was evaluated as ('' != '').
Target "AssignWinFXEmbeddedResource" skipped, due to false condition; ('@(WinFXEmbeddedResource)' != '') was evaluated as ('' != '').
Target "AssignTargetPaths" in file "C:\Windows\Microsoft.NET\Framework\v4.0.30319\Microsoft.Common.targets" from project "C:\Users\aravinth.sampath\AppData\Local\Syncfusion\EssentialStudio\14.3.0.42\Windows\PdfViewer.Windows\Samples\PdfViewer Bookmark\PdfViewer Bookmark\cs\PdfViewerBookmark_2015.csproj" (target "PrepareResourceNames" depends on it):
Using "AssignTargetPath" task from assembly "Microsoft.Build.Tasks.v4.0, Version=4.0.0.0, Culture=neutral, PublicKeyToken=b03f5f7f11d50a3a".
Task "AssignTargetPath"
Done executing task "AssignTargetPath".
Task "AssignTargetPath"
Done executing task "AssignTargetPath".
Task "AssignTargetPath"
Done executing task "AssignTargetPath".
Task "AssignTargetPath"
Done executing task "AssignTargetPath".
Task "AssignTargetPath" skipped, due to false condition; ('@(_DeploymentBaseManifestWithTargetPath)'=='' and '%(None.Extension)'=='.manifest') was evaluated as (''=='' and '.settings'=='.manifest').
Done building target "AssignTargetPaths" in project "PdfViewerBookmark_2015.csproj".
Target "AssignTargetPaths" skipped. Previously built successfully.
Target "SplitResourcesByCulture" in file "C:\Windows\Microsoft.NET\Framework\v4.0.30319\Microsoft.Common.targets" from project "C:\Users\aravinth.sampath\AppData\Local\Syncfusion\EssentialStudio\14.3.0.42\Windows\PdfViewer.Windows\Samples\PdfViewer Bookmark\PdfViewer Bookmark\cs\PdfViewerBookmark_2015.csproj" (target "PrepareResourceNames" depends on it):
Task "Warning" skipped, due to false condition; ('@(ResxWithNoCulture)'!='') was evaluated as (''!='').
Task "Warning" skipped, due to false condition; ('@(ResxWithCulture)'!='') was evaluated as (''!='').
Task "Warning" skipped, due to false condition; ('@(NonResxWithCulture)'!='') was evaluated as (''!='').
Task "Warning" skipped, due to false condition; ('@(NonResxWithNoCulture)'!='') was evaluated as (''!='').
Using "AssignCulture" task from assembly "Microsoft.Build.Tasks.v4.0, Version=4.0.0.0, Culture=neutral, PublicKeyToken=b03f5f7f11d50a3a".
Task "AssignCulture"
  Culture of "" was assigned to file "Form1.resx".
  Culture of "" was assigned to file "Properties\Resources.resx".
Done executing task "AssignCulture".
Done building target "SplitResourcesByCulture" in project "PdfViewerBookmark_2015.csproj".
Target "CreateManifestResourceNames" in file "C:\Windows\Microsoft.NET\Framework\v4.0.30319\Microsoft.CSharp.targets" from project "C:\Users\aravinth.sampath\AppData\Local\Syncfusion\EssentialStudio\14.3.0.42\Windows\PdfViewer.Windows\Samples\PdfViewer Bookmark\PdfViewer Bookmark\cs\PdfViewerBookmark_2015.csproj" (target "PrepareResourceNames" depends on it):
Using "CreateCSharpManifestResourceName" task from assembly "Microsoft.Build.Tasks.v4.0, Version=4.0.0.0, Culture=neutral, PublicKeyToken=b03f5f7f11d50a3a".
Task "CreateCSharpManifestResourceName"
  Root namespace is 'GettingStarted'.
  Resource file 'Form1.resx' depends on 'Form1.cs'.
  Resource file 'Form1.resx' gets manifest resource name 'GettingStarted.Form1'.
  Resource file 'Properties\Resources.resx' doesn't depend on any other file.
  Resource file 'Properties\Resources.resx' gets manifest resource name 'GettingStarted.Properties.Resources'.
Done executing task "CreateCSharpManifestResourceName".
Task "CreateCSharpManifestResourceName" skipped, due to false condition; ('%(EmbeddedResource.ManifestResourceName)' == '' and '%(EmbeddedResource.WithCulture)' == 'true' and '%(EmbeddedResource.Type)' == 'Non-Resx') was evaluated as ('' == '' and 'false' == 'true' and 'Resx' == 'Non-Resx').
Done building target "CreateManifestResourceNames" in project "PdfViewerBookmark_2015.csproj".
Target "CreateCustomManifestResourceNames" in file "C:\Windows\Microsoft.NET\Framework\v4.0.30319\Microsoft.Common.targets" from project "C:\Users\aravinth.sampath\AppData\Local\Syncfusion\EssentialStudio\14.3.0.42\Windows\PdfViewer.Windows\Samples\PdfViewer Bookmark\PdfViewer Bookmark\cs\PdfViewerBookmark_2015.csproj" (target "PrepareResourceNames" depends on it):
Done building target "CreateCustomManifestResourceNames" in project "PdfViewerBookmark_2015.csproj".
Target "PrepareResourceNames" in file "C:\Windows\Microsoft.NET\Framework\v4.0.30319\Microsoft.Common.targets" from project "C:\Users\aravinth.sampath\AppData\Local\Syncfusion\EssentialStudio\14.3.0.42\Windows\PdfViewer.Windows\Samples\PdfViewer Bookmark\PdfViewer Bookmark\cs\PdfViewerBookmark_2015.csproj" (target "PrepareResources" depends on it):
Done building target "PrepareResourceNames" in project "PdfViewerBookmark_2015.csproj".
Target "ResolveAssemblyReferences" skipped. Previously built successfully.
Target "SplitResourcesByCulture" skipped. Previously built successfully.
Target "BeforeResGen" in file "C:\Windows\Microsoft.NET\Framework\v4.0.30319\Microsoft.Common.targets" from project "C:\Users\aravinth.sampath\AppData\Local\Syncfusion\EssentialStudio\14.3.0.42\Windows\PdfViewer.Windows\Samples\PdfViewer Bookmark\PdfViewer Bookmark\cs\PdfViewerBookmark_2015.csproj" (target "ResGen" depends on it):
Done building target "BeforeResGen" in project "PdfViewerBookmark_2015.csproj".
Target "CoreResGen" in file "C:\Windows\Microsoft.NET\Framework\v4.0.30319\Microsoft.Common.targets" from project "C:\Users\aravinth.sampath\AppData\Local\Syncfusion\EssentialStudio\14.3.0.42\Windows\PdfViewer.Windows\Samples\PdfViewer Bookmark\PdfViewer Bookmark\cs\PdfViewerBookmark_2015.csproj" (target "ResGen" depends on it):
Using "GenerateResource" task from assembly "Microsoft.Build.Tasks.v4.0, Version=4.0.0.0, Culture=neutral, PublicKeyToken=b03f5f7f11d50a3a".
Task "GenerateResource"
  "C:\Program Files (x86)\Microsoft SDKs\Windows\v7.0A\bin\NETFX 4.0 Tools\resgen.exe" /useSourcePath /r:"C:\Program Files (x86)\Reference Assemblies\Microsoft\Framework\.NETFramework\v4.6\mscorlib.dll" /r:"C:\Program Files (x86)\Syncfusion\Essential Studio\14.3.0.42\Assemblies\4.6\Syncfusion.Compression.Base.dll" /r:"C:\Program Files (x86)\Syncfusion\Essential Studio\14.3.0.42\Assemblies\4.6\Syncfusion.Pdf.Base.dll" /r:"C:\Program Files (x86)\Syncfusion\Essential Studio\14.3.0.42\Assemblies\4.6\Syncfusion.PdfViewer.Windows.dll" /r:"C:\Program Files (x86)\Reference Assemblies\Microsoft\Framework\.NETFramework\v4.6\System.Core.dll" /r:"C:\Program Files (x86)\Reference Assemblies\Microsoft\Framework\.NETFramework\v4.6\System.Data.dll" /r:"C:\Program Files (x86)\Reference Assemblies\Microsoft\Framework\.NETFramework\v4.6\System.Deployment.dll" /r:"C:\Program Files (x86)\Reference Assemblies\Microsoft\Framework\.NETFramework\v4.6\System.dll" /r:"C:\Program Files (x86)\Reference Assemblies\Microsoft\Framework\.NETFramework\v4.6\System.Drawing.dll" /r:"C:\Program Files (x86)\Reference Assemblies\Microsoft\Framework\.NETFramework\v4.6\System.Windows.Forms.dll" /r:"C:\Program Files (x86)\Reference Assemblies\Microsoft\Framework\.NETFramework\v4.6\System.Xml.dll" /compile Form1.resx,obj\Release\GettingStarted.Form1.resources Properties\Resources.resx,obj\Release\GettingStarted.Properties.Resources.resources
  Processing resource file "Form1.resx" into "obj\Release\GettingStarted.Form1.resources".
  Processing 1 resources from file "Form1.resx".
  Processing resource file "Properties\Resources.resx" into "obj\Release\GettingStarted.Properties.Resources.resources".
  Processing 0 resources from file "Properties\Resources.resx".
Done executing task "GenerateResource".
Task "GenerateResource" skipped, due to false condition; ('%(EmbeddedResource.Type)' == 'Resx' and '%(EmbeddedResource.GenerateResource)' != 'false' and '$(GenerateResourceMSBuildRuntime)' == 'CLR2') was evaluated as ('Resx' == 'Resx' and '' != 'false' and 'CurrentRuntime' == 'CLR2').
Done building target "CoreResGen" in project "PdfViewerBookmark_2015.csproj".
Target "AfterResGen" in file "C:\Windows\Microsoft.NET\Framework\v4.0.30319\Microsoft.Common.targets" from project "C:\Users\aravinth.sampath\AppData\Local\Syncfusion\EssentialStudio\14.3.0.42\Windows\PdfViewer.Windows\Samples\PdfViewer Bookmark\PdfViewer Bookmark\cs\PdfViewerBookmark_2015.csproj" (target "ResGen" depends on it):
Done building target "AfterResGen" in project "PdfViewerBookmark_2015.csproj".
Target "ResGen" in file "C:\Windows\Microsoft.NET\Framework\v4.0.30319\Microsoft.Common.targets" from project "C:\Users\aravinth.sampath\AppData\Local\Syncfusion\EssentialStudio\14.3.0.42\Windows\PdfViewer.Windows\Samples\PdfViewer Bookmark\PdfViewer Bookmark\cs\PdfViewerBookmark_2015.csproj" (target "PrepareResources" depends on it):
Done building target "ResGen" in project "PdfViewerBookmark_2015.csproj".
Target "CompileLicxFiles" skipped, due to false condition; ('@(_LicxFile)'!='') was evaluated as (''!='').
Target "PrepareRdlFiles" in file "C:\Program Files (x86)\MSBuild\Microsoft\VisualStudio\v10.0\ReportingServices\Microsoft.ReportingServices.targets" from project "C:\Users\aravinth.sampath\AppData\Local\Syncfusion\EssentialStudio\14.3.0.42\Windows\PdfViewer.Windows\Samples\PdfViewer Bookmark\PdfViewer Bookmark\cs\PdfViewerBookmark_2015.csproj" (target "CompileRdlFiles" depends on it):
Task "CreateItem" skipped, due to false condition; ('%(Extension)'=='.rdlc') was evaluated as ('.resx'=='.rdlc').
Done building target "PrepareRdlFiles" in project "PdfViewerBookmark_2015.csproj".
Target "RunRdlCompiler" skipped, due to false condition; ('@(RdlFile)'!='') was evaluated as (''!='').
Target "CompileRdlFiles" in file "C:\Program Files (x86)\MSBuild\Microsoft\VisualStudio\v10.0\ReportingServices\Microsoft.ReportingServices.targets" from project "C:\Users\aravinth.sampath\AppData\Local\Syncfusion\EssentialStudio\14.3.0.42\Windows\PdfViewer.Windows\Samples\PdfViewer Bookmark\PdfViewer Bookmark\cs\PdfViewerBookmark_2015.csproj" (target "PrepareResources" depends on it):
Done building target "CompileRdlFiles" in project "PdfViewerBookmark_2015.csproj".
Target "PrepareResources" in file "C:\Windows\Microsoft.NET\Framework\v4.0.30319\Microsoft.Common.targets" from project "C:\Users\aravinth.sampath\AppData\Local\Syncfusion\EssentialStudio\14.3.0.42\Windows\PdfViewer.Windows\Samples\PdfViewer Bookmark\PdfViewer Bookmark\cs\PdfViewerBookmark_2015.csproj" (target "CoreBuild" depends on it):
Done building target "PrepareResources" in project "PdfViewerBookmark_2015.csproj".
Target "ResolveKeySource" skipped, due to false condition; ($(SignManifests) == 'true' or $(SignAssembly) == 'true') was evaluated as ( == 'true' or  == 'true').
Target "ResolveReferences" skipped. Previously built successfully.
Target "ResolveKeySource" skipped, due to false condition; ($(SignManifests) == 'true' or $(SignAssembly) == 'true') was evaluated as ( == 'true' or  == 'true').
Target "ResolveComReferences" skipped, due to false condition; ('@(COMReference)'!='' or '@(COMFileReference)'!='') was evaluated as (''!='' or ''!='').
Target "ResolveNativeReferences" skipped, due to false condition; ('@(NativeReference)'!='') was evaluated as (''!='').
Target "_SetExternalWin32ManifestProperties" skipped, due to false condition; ('$(GenerateClickOnceManifests)'=='true' or '@(NativeReference)'!='' or '@(ResolvedIsolatedComModules)'!='') was evaluated as (''=='true' or ''!='' or ''!='').
Target "_SetEmbeddedWin32ManifestProperties" in file "C:\Windows\Microsoft.NET\Framework\v4.0.30319\Microsoft.Common.targets" from project "C:\Users\aravinth.sampath\AppData\Local\Syncfusion\EssentialStudio\14.3.0.42\Windows\PdfViewer.Windows\Samples\PdfViewer Bookmark\PdfViewer Bookmark\cs\PdfViewerBookmark_2015.csproj" (target "SetWin32ManifestProperties" depends on it):
Using "GetFrameworkPath" task from assembly "Microsoft.Build.Tasks.v4.0, Version=4.0.0.0, Culture=neutral, PublicKeyToken=b03f5f7f11d50a3a".
Task "GetFrameworkPath"
Done executing task "GetFrameworkPath".
Done building target "_SetEmbeddedWin32ManifestProperties" in project "PdfViewerBookmark_2015.csproj".
Target "SetWin32ManifestProperties" in file "C:\Windows\Microsoft.NET\Framework\v4.0.30319\Microsoft.Common.targets" from project "C:\Users\aravinth.sampath\AppData\Local\Syncfusion\EssentialStudio\14.3.0.42\Windows\PdfViewer.Windows\Samples\PdfViewer Bookmark\PdfViewer Bookmark\cs\PdfViewerBookmark_2015.csproj" (target "Compile" depends on it):
Done building target "SetWin32ManifestProperties" in project "PdfViewerBookmark_2015.csproj".
Target "_GenerateCompileInputs" in file "C:\Windows\Microsoft.NET\Framework\v4.0.30319\Microsoft.Common.targets" from project "C:\Users\aravinth.sampath\AppData\Local\Syncfusion\EssentialStudio\14.3.0.42\Windows\PdfViewer.Windows\Samples\PdfViewer Bookmark\PdfViewer Bookmark\cs\PdfViewerBookmark_2015.csproj" (target "Compile" depends on it):
Task "Warning" skipped, due to false condition; ('@(ManifestResourceWithNoCulture)'!='' and '%(ManifestResourceWithNoCulture.EmittedForCompatibilityOnly)'=='') was evaluated as ('obj\Release\GettingStarted.Form1.resources;obj\Release\GettingStarted.Properties.Resources.resources'!='' and 'true'=='').
Task "Warning" skipped, due to false condition; ('@(ManifestNonResxWithNoCultureOnDisk)'!='' and '%(ManifestNonResxWithNoCultureOnDisk.EmittedForCompatibilityOnly)'=='') was evaluated as (''!='' and ''=='').
Done building target "_GenerateCompileInputs" in project "PdfViewerBookmark_2015.csproj".
Target "PrepareForBuild" skipped. Previously built successfully.
Target "GetReferenceAssemblyPaths" skipped. Previously built successfully.
Target "_SetTargetFrameworkMonikerAttribute" in file "C:\Windows\Microsoft.NET\Framework\v4.0.30319\Microsoft.CSharp.targets" from project "C:\Users\aravinth.sampath\AppData\Local\Syncfusion\EssentialStudio\14.3.0.42\Windows\PdfViewer.Windows\Samples\PdfViewer Bookmark\PdfViewer Bookmark\cs\PdfViewerBookmark_2015.csproj" (target "GenerateTargetFrameworkMonikerAttribute" depends on it):
Done building target "_SetTargetFrameworkMonikerAttribute" in project "PdfViewerBookmark_2015.csproj".
Target "GenerateTargetFrameworkMonikerAttribute" in file "C:\Windows\Microsoft.NET\Framework\v4.0.30319\Microsoft.Common.targets" from project "C:\Users\aravinth.sampath\AppData\Local\Syncfusion\EssentialStudio\14.3.0.42\Windows\PdfViewer.Windows\Samples\PdfViewer Bookmark\PdfViewer Bookmark\cs\PdfViewerBookmark_2015.csproj" (target "BeforeCompile" depends on it):
Skipping target "GenerateTargetFrameworkMonikerAttribute" because all output files are up-to-date with respect to the input files.
Input files: C:\Windows\Microsoft.NET\Framework\v4.0.30319\Microsoft.Common.targets
Output files: C:\Users\aravinth.sampath\AppData\Local\Temp\.NETFramework,Version=v4.6.AssemblyAttributes.cs
Done building target "GenerateTargetFrameworkMonikerAttribute" in project "PdfViewerBookmark_2015.csproj".
Target "GenerateAdditionalSources" skipped, due to false condition; ('@(AssemblyAttributes)' != '' and '$(GenerateAdditionalSources)' == 'true') was evaluated as ('' != '' and '' == 'true').
Target "BeforeCompile" in file "C:\Windows\Microsoft.NET\Framework\v4.0.30319\Microsoft.Common.targets" from project "C:\Users\aravinth.sampath\AppData\Local\Syncfusion\EssentialStudio\14.3.0.42\Windows\PdfViewer.Windows\Samples\PdfViewer Bookmark\PdfViewer Bookmark\cs\PdfViewerBookmark_2015.csproj" (target "Compile" depends on it):
Done building target "BeforeCompile" in project "PdfViewerBookmark_2015.csproj".
Target "_TimeStampBeforeCompile" skipped, due to false condition; ('$(RunPostBuildEvent)'=='OnOutputUpdated' or ('$(RegisterForComInterop)'=='true' and '$(OutputType)'=='library')) was evaluated as (''=='OnOutputUpdated' or (''=='true' and 'WinExe'=='library')).
Target "_ComputeNonExistentFileProperty" skipped, due to false condition; (('$(BuildingInsideVisualStudio)' == 'true') and ('$(BuildingOutOfProcess)' != 'true') and (('$(BuildingProject)' == 'false') or ('$(UseHostCompilerIfAvailable)' == 'true'))) was evaluated as (('' == 'true') and ('' != 'true') and (('true' == 'false') or ('true' == 'true'))).
Target "PreXsdCodeGen" in file "C:\Windows\Microsoft.NET\Framework\v4.0.30319\Microsoft.ServiceModel.targets" from project "C:\Users\aravinth.sampath\AppData\Local\Syncfusion\EssentialStudio\14.3.0.42\Windows\PdfViewer.Windows\Samples\PdfViewer Bookmark\PdfViewer Bookmark\cs\PdfViewerBookmark_2015.csproj" (target "CoreCompile" depends on it):
Using "CallTarget" task from assembly "Microsoft.Build.Tasks.v4.0, Version=4.0.0.0, Culture=neutral, PublicKeyToken=b03f5f7f11d50a3a".
Task "CallTarget"
Target "CleanXsdCodeGen" in file "C:\Windows\Microsoft.NET\Framework\v4.0.30319\Microsoft.ServiceModel.targets" from project "C:\Users\aravinth.sampath\AppData\Local\Syncfusion\EssentialStudio\14.3.0.42\Windows\PdfViewer.Windows\Samples\PdfViewer Bookmark\PdfViewer Bookmark\cs\PdfViewerBookmark_2015.csproj" (target "PreXsdCodeGen" depends on it):
Using "Delete" task from assembly "Microsoft.Build.Tasks.v4.0, Version=4.0.0.0, Culture=neutral, PublicKeyToken=b03f5f7f11d50a3a".
Task "Delete"
Done executing task "Delete".
Done building target "CleanXsdCodeGen" in project "PdfViewerBookmark_2015.csproj".
Done executing task "CallTarget".
Done building target "PreXsdCodeGen" in project "PdfViewerBookmark_2015.csproj".
Target "XsdCodeGen" skipped, due to false condition; ( '$(XsdCodeGenPreCondition)' == 'True' ) was evaluated as ( 'False' == 'True' ).
Target "CoreCompile" in file "C:\Windows\Microsoft.NET\Framework\v4.0.30319\Microsoft.CSharp.targets" from project "C:\Users\aravinth.sampath\AppData\Local\Syncfusion\EssentialStudio\14.3.0.42\Windows\PdfViewer.Windows\Samples\PdfViewer Bookmark\PdfViewer Bookmark\cs\PdfViewerBookmark_2015.csproj" (target "Compile" depends on it):
Building target "CoreCompile" completely.
Output file "obj\Release\GettingStarted_2005.exe" does not exist.
Using "Csc" task from assembly "Microsoft.Build.Tasks.v4.0, Version=4.0.0.0, Culture=neutral, PublicKeyToken=b03f5f7f11d50a3a".
Task "Csc"
  C:\Windows\Microsoft.NET\Framework\v4.0.30319\Csc.exe /noconfig /nowarn:1701,1702 /nostdlib+ /platform:anycpu32bitpreferred /errorreport:prompt /warn:4 /define:TRACE /highentropyva+ /reference:"C:\Program Files (x86)\Reference Assemblies\Microsoft\Framework\.NETFramework\v4.6\mscorlib.dll" /reference:"C:\Program Files (x86)\Syncfusion\Essential Studio\14.3.0.42\Assemblies\4.6\Syncfusion.Compression.Base.dll" /reference:"C:\Program Files (x86)\Syncfusion\Essential Studio\14.3.0.42\Assemblies\4.6\Syncfusion.Pdf.Base.dll" /reference:"C:\Program Files (x86)\Syncfusion\Essential Studio\14.3.0.42\Assemblies\4.6\Syncfusion.PdfViewer.Windows.dll" /reference:"C:\Program Files (x86)\Reference Assemblies\Microsoft\Framework\.NETFramework\v4.6\System.Core.dll" /reference:"C:\Program Files (x86)\Reference Assemblies\Microsoft\Framework\.NETFramework\v4.6\System.Data.dll" /reference:"C:\Program Files (x86)\Reference Assemblies\Microsoft\Framework\.NETFramework\v4.6\System.Deployment.dll" /reference:"C:\Program Files (x86)\Reference Assemblies\Microsoft\Framework\.NETFramework\v4.6\System.dll" /reference:"C:\Program Files (x86)\Reference Assemblies\Microsoft\Framework\.NETFramework\v4.6\System.Drawing.dll" /reference:"C:\Program Files (x86)\Reference Assemblies\Microsoft\Framework\.NETFramework\v4.6\System.Windows.Forms.dll" /reference:"C:\Program Files (x86)\Reference Assemblies\Microsoft\Framework\.NETFramework\v4.6\System.Xml.dll" /debug:pdbonly /optimize+ /out:obj\Release\GettingStarted_2005.exe /subsystemversion:6.00 /resource:obj\Release\GettingStarted.Form1.resources /resource:obj\Release\GettingStarted.Properties.Resources.resources /target:winexe /utf8output Form1.cs Form1.Designer.cs Program.cs Properties\AssemblyInfo.cs Properties\Resources.Designer.cs Properties\Settings.Designer.cs "C:\Users\aravinth.sampath\AppData\Local\Temp\.NETFramework,Version=v4.6.AssemblyAttributes.cs"
  Microsoft (R) Visual C# Compiler version 4.6.1055.0
  
  for C# 5
  Copyright (C) Microsoft Corporation. All rights reserved.
  
  
  
  This compiler is provided as part of the Microsoft (R) .NET Framework, but only supports language versions up to C# 5, which is no longer the latest version. For compilers that support newer versions of the C# programming language, see http://go.microsoft.com/fwlink/?LinkID=533240
  
Form1.cs(28,18): warning CS0649: Field 'GettingStarted.Form1.st' is never assigned to, and will always have its default value [C:\Users\aravinth.sampath\AppData\Local\Syncfusion\EssentialStudio\14.3.0.42\Windows\PdfViewer.Windows\Samples\PdfViewer Bookmark\PdfViewer Bookmark\cs\PdfViewerBookmark_2015.csproj]
Done executing task "Csc".
Task "CallTarget" skipped, due to false condition; ('$(TargetsTriggeredByCompilation)' != '') was evaluated as ('' != '').
Done building target "CoreCompile" in project "PdfViewerBookmark_2015.csproj".
Target "_TimeStampAfterCompile" skipped, due to false condition; ('$(RunPostBuildEvent)'=='OnOutputUpdated' or ('$(RegisterForComInterop)'=='true' and '$(OutputType)'=='library')) was evaluated as (''=='OnOutputUpdated' or (''=='true' and 'WinExe'=='library')).
Target "AfterCompile" in file "C:\Windows\Microsoft.NET\Framework\v4.0.30319\Microsoft.Common.targets" from project "C:\Users\aravinth.sampath\AppData\Local\Syncfusion\EssentialStudio\14.3.0.42\Windows\PdfViewer.Windows\Samples\PdfViewer Bookmark\PdfViewer Bookmark\cs\PdfViewerBookmark_2015.csproj" (target "Compile" depends on it):
Done building target "AfterCompile" in project "PdfViewerBookmark_2015.csproj".
Target "PrepareResourcesForSatelliteAssemblies" skipped, due to false condition; ('$(UICulture)' != '') was evaluated as ('' != '').
Target "MergeLocalizationDirectives" skipped, due to false condition; ('@(GeneratedLocalizationFiles)' !='') was evaluated as ('' !='').
Target "AfterCompileWinFX" in file "C:\Windows\Microsoft.NET\Framework\v4.0.30319\Microsoft.WinFX.targets" from project "C:\Users\aravinth.sampath\AppData\Local\Syncfusion\EssentialStudio\14.3.0.42\Windows\PdfViewer.Windows\Samples\PdfViewer Bookmark\PdfViewer Bookmark\cs\PdfViewerBookmark_2015.csproj" (target "_AfterCompileWinFXInternal" depends on it):
Done building target "AfterCompileWinFX" in project "PdfViewerBookmark_2015.csproj".
Target "_AfterCompileWinFXInternal" in file "C:\Windows\Microsoft.NET\Framework\v4.0.30319\Microsoft.WinFX.targets" from project "C:\Users\aravinth.sampath\AppData\Local\Syncfusion\EssentialStudio\14.3.0.42\Windows\PdfViewer.Windows\Samples\PdfViewer Bookmark\PdfViewer Bookmark\cs\PdfViewerBookmark_2015.csproj" (target "Compile" depends on it):
Done building target "_AfterCompileWinFXInternal" in project "PdfViewerBookmark_2015.csproj".
Target "Compile" in file "C:\Windows\Microsoft.NET\Framework\v4.0.30319\Microsoft.Common.targets" from project "C:\Users\aravinth.sampath\AppData\Local\Syncfusion\EssentialStudio\14.3.0.42\Windows\PdfViewer.Windows\Samples\PdfViewer Bookmark\PdfViewer Bookmark\cs\PdfViewerBookmark_2015.csproj" (target "CoreBuild" depends on it):
Done building target "Compile" in project "PdfViewerBookmark_2015.csproj".
Target "DeferredValidation" skipped, due to false condition; ('$(SkipWorkflowValidation)' != 'true' and ('@(XamlPage)' != '' or '@(XamlAppDef)' != '')) was evaluated as ('' != 'true' and ('' != '' or '' != '')).
Target "ExportWindowsMDFile" skipped, due to false condition; ('$(ExportWinMDFile)' == 'true') was evaluated as ('' == 'true').
Target "UnmanagedUnregistration" skipped, due to false condition; ((('$(_AssemblyTimestampBeforeCompile)' != '$(_AssemblyTimestampAfterCompile)' or '$(RegisterForComInterop)' != 'true' or '$(OutputType)' != 'library') or
                    ('$(_AssemblyTimestampBeforeCompile)' == '')) and
                   Exists('@(_UnmanagedRegistrationCache)')) was evaluated as ((('' != '' or '' != 'true' or 'WinExe' != 'library') or
                    ('' == '')) and
                   Exists('obj\PdfViewerBookmark_2015.csproj.UnmanagedRegistration.cache')).
Target "GenerateSerializationAssemblies" skipped, due to false condition; ('$(_SGenGenerateSerializationAssembliesConfig)' == 'On' or ('@(WebReferenceUrl)'!='' and '$(_SGenGenerateSerializationAssembliesConfig)' == 'Auto')) was evaluated as ('Auto' == 'On' or (''!='' and 'Auto' == 'Auto')).
Target "_GenerateSatelliteAssemblyInputs" in file "C:\Windows\Microsoft.NET\Framework\v4.0.30319\Microsoft.Common.targets" from project "C:\Users\aravinth.sampath\AppData\Local\Syncfusion\EssentialStudio\14.3.0.42\Windows\PdfViewer.Windows\Samples\PdfViewer Bookmark\PdfViewer Bookmark\cs\PdfViewerBookmark_2015.csproj" (target "CreateSatelliteAssemblies" depends on it):
Task "Warning" skipped, due to false condition; ('@(ManifestResourceWithCulture)'!='' and '%(ManifestResourceWithCulture.EmittedForCompatibilityOnly)'=='') was evaluated as (''!='' and ''=='').
Task "Warning" skipped, due to false condition; ('@(ManifestNonResxWithCultureOnDisk)'!='' and '%(ManifestNonResxWithCultureOnDisk.EmittedForCompatibilityOnly)'=='') was evaluated as (''!='' and ''=='').
Done building target "_GenerateSatelliteAssemblyInputs" in project "PdfViewerBookmark_2015.csproj".
Target "CreateManifestResourceNames" skipped. Previously built successfully.
Target "ComputeIntermediateSatelliteAssemblies" in file "C:\Windows\Microsoft.NET\Framework\v4.0.30319\Microsoft.Common.targets" from project "C:\Users\aravinth.sampath\AppData\Local\Syncfusion\EssentialStudio\14.3.0.42\Windows\PdfViewer.Windows\Samples\PdfViewer Bookmark\PdfViewer Bookmark\cs\PdfViewerBookmark_2015.csproj" (target "CreateSatelliteAssemblies" depends on it):
Done building target "ComputeIntermediateSatelliteAssemblies" in project "PdfViewerBookmark_2015.csproj".
Target "GenerateSatelliteAssemblies" skipped, due to false condition; ('@(_SatelliteAssemblyResourceInputs)' != '') was evaluated as ('' != '').
Target "CreateSatelliteAssemblies" in file "C:\Windows\Microsoft.NET\Framework\v4.0.30319\Microsoft.Common.targets" from project "C:\Users\aravinth.sampath\AppData\Local\Syncfusion\EssentialStudio\14.3.0.42\Windows\PdfViewer.Windows\Samples\PdfViewer Bookmark\PdfViewer Bookmark\cs\PdfViewerBookmark_2015.csproj" (target "CoreBuild" depends on it):
Done building target "CreateSatelliteAssemblies" in project "PdfViewerBookmark_2015.csproj".
Target "GenerateManifests" skipped, due to false condition; ('$(GenerateClickOnceManifests)'=='true' or '@(NativeReference)'!='' or '@(ResolvedIsolatedComModules)'!='' or '$(GenerateAppxManifest)' == 'true') was evaluated as (''=='true' or ''!='' or ''!='' or '' == 'true').
Target "GetTargetPath" in file "C:\Windows\Microsoft.NET\Framework\v4.0.30319\Microsoft.Common.targets" from project "C:\Users\aravinth.sampath\AppData\Local\Syncfusion\EssentialStudio\14.3.0.42\Windows\PdfViewer.Windows\Samples\PdfViewer Bookmark\PdfViewer Bookmark\cs\PdfViewerBookmark_2015.csproj" (target "CoreBuild" depends on it):
Done building target "GetTargetPath" in project "PdfViewerBookmark_2015.csproj".
Target "ComputeIntermediateSatelliteAssemblies" skipped. Previously built successfully.
Target "_CopyFilesMarkedCopyLocal" skipped, due to false condition; ('@(ReferenceCopyLocalPaths)' != '') was evaluated as ('' != '').
Target "AssignTargetPaths" skipped. Previously built successfully.
Target "_SplitProjectReferencesByFileExistence" skipped. Previously built successfully.
Target "GetCopyToOutputDirectoryXamlAppDefs" in file "C:\Windows\Microsoft.NET\Framework\v4.0.30319\Microsoft.Xaml.targets" from project "C:\Users\aravinth.sampath\AppData\Local\Syncfusion\EssentialStudio\14.3.0.42\Windows\PdfViewer.Windows\Samples\PdfViewer Bookmark\PdfViewer Bookmark\cs\PdfViewerBookmark_2015.csproj" (target "GetCopyToOutputDirectoryItems" depends on it):
Task "AssignTargetPath"
Done executing task "AssignTargetPath".
Done building target "GetCopyToOutputDirectoryXamlAppDefs" in project "PdfViewerBookmark_2015.csproj".
Target "GetCopyToOutputDirectoryItems" in file "C:\Windows\Microsoft.NET\Framework\v4.0.30319\Microsoft.Common.targets" from project "C:\Users\aravinth.sampath\AppData\Local\Syncfusion\EssentialStudio\14.3.0.42\Windows\PdfViewer.Windows\Samples\PdfViewer Bookmark\PdfViewer Bookmark\cs\PdfViewerBookmark_2015.csproj" (target "_CopySourceItemsToOutputDirectory" depends on it):
Task "MSBuild" skipped, due to false condition; ('@(_MSBuildProjectReferenceExistent)' != '' and '$(_GetChildProjectCopyToOutputDirectoryItems)' == 'true' and '%(_MSBuildProjectReferenceExistent.Private)' != 'false' and '$(UseCommonOutputDirectory)' != 'true') was evaluated as ('' != '' and 'true' == 'true' and '' != 'false' and 'false' != 'true').
Task "AssignTargetPath"
Done executing task "AssignTargetPath".
Done building target "GetCopyToOutputDirectoryItems" in project "PdfViewerBookmark_2015.csproj".
Target "_CopyOutOfDateSourceItemsToOutputDirectory" skipped, due to false condition; ( '@(_SourceItemsToCopyToOutputDirectory)' != '' ) was evaluated as ( '' != '' ).
Target "_CopyOutOfDateSourceItemsToOutputDirectoryAlways" skipped, due to false condition; ( '@(_SourceItemsToCopyToOutputDirectoryAlways)' != '' ) was evaluated as ( '' != '' ).
Target "_CopySourceItemsToOutputDirectory" in file "C:\Windows\Microsoft.NET\Framework\v4.0.30319\Microsoft.Common.targets" from project "C:\Users\aravinth.sampath\AppData\Local\Syncfusion\EssentialStudio\14.3.0.42\Windows\PdfViewer.Windows\Samples\PdfViewer Bookmark\PdfViewer Bookmark\cs\PdfViewerBookmark_2015.csproj" (target "CopyFilesToOutputDirectory" depends on it):
Done building target "_CopySourceItemsToOutputDirectory" in project "PdfViewerBookmark_2015.csproj".
Target "_CopyAppConfigFile" skipped, due to false condition; ( '@(AppConfigWithTargetPath)' != '' ) was evaluated as ( '' != '' ).
Target "_CopyManifestFiles" skipped, due to false condition; ( '$(_DeploymentCopyApplicationManifest)'=='true' or '$(GenerateClickOnceManifests)'=='true' ) was evaluated as ( ''=='true' or ''=='true' ).
Target "_CheckForCompileOutputs" in file "C:\Windows\Microsoft.NET\Framework\v4.0.30319\Microsoft.Common.targets" from project "C:\Users\aravinth.sampath\AppData\Local\Syncfusion\EssentialStudio\14.3.0.42\Windows\PdfViewer.Windows\Samples\PdfViewer Bookmark\PdfViewer Bookmark\cs\PdfViewerBookmark_2015.csproj" (target "CopyFilesToOutputDirectory" depends on it):
Done building target "_CheckForCompileOutputs" in project "PdfViewerBookmark_2015.csproj".
Target "_SGenCheckForOutputs" skipped, due to false condition; ('$(_SGenGenerateSerializationAssembliesConfig)' == 'On' or ('@(WebReferenceUrl)'!='' and '$(_SGenGenerateSerializationAssembliesConfig)' == 'Auto')) was evaluated as ('Auto' == 'On' or (''!='' and 'Auto' == 'Auto')).
Target "CopyFilesToOutputDirectory" in file "C:\Windows\Microsoft.NET\Framework\v4.0.30319\Microsoft.Common.targets" from project "C:\Users\aravinth.sampath\AppData\Local\Syncfusion\EssentialStudio\14.3.0.42\Windows\PdfViewer.Windows\Samples\PdfViewer Bookmark\PdfViewer Bookmark\cs\PdfViewerBookmark_2015.csproj" (target "PrepareForRun" depends on it):
Using "Copy" task from assembly "Microsoft.Build.Tasks.v4.0, Version=4.0.0.0, Culture=neutral, PublicKeyToken=b03f5f7f11d50a3a".
Task "Copy"
  Copying file from "obj\Release\GettingStarted_2005.exe" to "bin\Release\GettingStarted_2005.exe".
Done executing task "Copy".
Task "Message"
  PdfViewerBookmark_2015 -> C:\Users\aravinth.sampath\AppData\Local\Syncfusion\EssentialStudio\14.3.0.42\Windows\PdfViewer.Windows\Samples\PdfViewer Bookmark\PdfViewer Bookmark\cs\bin\Release\GettingStarted_2005.exe
Done executing task "Message".
Task "Copy" skipped, due to false condition; ('@(AddModules)' != '') was evaluated as ('' != '').
Task "Copy" skipped, due to false condition; ('$(_SGenDllCreated)'=='true') was evaluated as ('false'=='true').
Task "Copy"
  Copying file from "obj\Release\GettingStarted_2005.pdb" to "bin\Release\GettingStarted_2005.pdb".
Done executing task "Copy".
Task "Copy" skipped, due to false condition; ('$(_DocumentationFileProduced)'=='true') was evaluated as ('false'=='true').
Task "Copy" skipped, due to false condition; ('@(IntermediateSatelliteAssembliesWithTargetPath)' != '') was evaluated as ('' != '').
Task "Copy" skipped, due to false condition; ('@(ReferenceComWrappersToCopyLocal)' != '' or '@(ResolvedIsolatedComModules)' != '' or '@(_DeploymentLooseManifestFile)' != '' or '@(NativeReferenceFile)' != '' ) was evaluated as ('' != '' or '' != '' or '' != '' or '' != '' ).
Task "Copy" skipped, due to false condition; ('$(SkipCopyWinMDArtifact)' != 'true' and '@(WinMDExpArtifacts)' != '') was evaluated as ('' != 'true' and '' != '').
Task "Message" skipped, due to false condition; ('$(SkipCopyWinMDArtifact)' != 'true' and '$(_WindowsMetadataOutputPath)' != '') was evaluated as ('' != 'true' and '' != '').
Done building target "CopyFilesToOutputDirectory" in project "PdfViewerBookmark_2015.csproj".
Target "PrepareForRun" in file "C:\Windows\Microsoft.NET\Framework\v4.0.30319\Microsoft.Common.targets" from project "C:\Users\aravinth.sampath\AppData\Local\Syncfusion\EssentialStudio\14.3.0.42\Windows\PdfViewer.Windows\Samples\PdfViewer Bookmark\PdfViewer Bookmark\cs\PdfViewerBookmark_2015.csproj" (target "CoreBuild" depends on it):
Done building target "PrepareForRun" in project "PdfViewerBookmark_2015.csproj".
Target "UnmanagedRegistration" skipped, due to false condition; ('$(RegisterForComInterop)'=='true' and '$(OutputType)'=='library') was evaluated as (''=='true' and 'WinExe'=='library').
Target "_CheckForCompileOutputs" skipped. Previously built successfully.
Target "_SGenCheckForOutputs" skipped, due to false condition; ('$(_SGenGenerateSerializationAssembliesConfig)' == 'On' or ('@(WebReferenceUrl)'!='' and '$(_SGenGenerateSerializationAssembliesConfig)' == 'Auto')) was evaluated as ('Auto' == 'On' or (''!='' and 'Auto' == 'Auto')).
Target "_CleanGetCurrentAndPriorFileWrites" in file "C:\Windows\Microsoft.NET\Framework\v4.0.30319\Microsoft.Common.targets" from project "C:\Users\aravinth.sampath\AppData\Local\Syncfusion\EssentialStudio\14.3.0.42\Windows\PdfViewer.Windows\Samples\PdfViewer Bookmark\PdfViewer Bookmark\cs\PdfViewerBookmark_2015.csproj" (target "IncrementalClean" depends on it):
Using "ReadLinesFromFile" task from assembly "Microsoft.Build.Tasks.v4.0, Version=4.0.0.0, Culture=neutral, PublicKeyToken=b03f5f7f11d50a3a".
Task "ReadLinesFromFile"
Done executing task "ReadLinesFromFile".
Using "ConvertToAbsolutePath" task from assembly "Microsoft.Build.Tasks.v4.0, Version=4.0.0.0, Culture=neutral, PublicKeyToken=b03f5f7f11d50a3a".
Task "ConvertToAbsolutePath"
Done executing task "ConvertToAbsolutePath".
Using "FindUnderPath" task from assembly "Microsoft.Build.Tasks.v4.0, Version=4.0.0.0, Culture=neutral, PublicKeyToken=b03f5f7f11d50a3a".
Task "FindUnderPath"
  Comparison path is "C:\Users\aravinth.sampath\AppData\Local\Syncfusion\EssentialStudio\14.3.0.42\Windows\PdfViewer.Windows\Samples\PdfViewer Bookmark\PdfViewer Bookmark\cs".
Done executing task "FindUnderPath".
Task "FindUnderPath"
  Comparison path is "bin\Release\".
Done executing task "FindUnderPath".
Task "FindUnderPath"
  Comparison path is "obj\Release\".
Done executing task "FindUnderPath".
Using "RemoveDuplicates" task from assembly "Microsoft.Build.Tasks.v4.0, Version=4.0.0.0, Culture=neutral, PublicKeyToken=b03f5f7f11d50a3a".
Task "RemoveDuplicates"
Done executing task "RemoveDuplicates".
Done building target "_CleanGetCurrentAndPriorFileWrites" in project "PdfViewerBookmark_2015.csproj".
Target "IncrementalClean" in file "C:\Windows\Microsoft.NET\Framework\v4.0.30319\Microsoft.Common.targets" from project "C:\Users\aravinth.sampath\AppData\Local\Syncfusion\EssentialStudio\14.3.0.42\Windows\PdfViewer.Windows\Samples\PdfViewer Bookmark\PdfViewer Bookmark\cs\PdfViewerBookmark_2015.csproj" (target "CoreBuild" depends on it):
Task "FindUnderPath"
  Comparison path is "bin\Release\".
Done executing task "FindUnderPath".
Task "FindUnderPath"
  Comparison path is "obj\Release\".
Done executing task "FindUnderPath".
Task "Delete"
Done executing task "Delete".
Task "RemoveDuplicates"
Done executing task "RemoveDuplicates".
Using "WriteLinesToFile" task from assembly "Microsoft.Build.Tasks.v4.0, Version=4.0.0.0, Culture=neutral, PublicKeyToken=b03f5f7f11d50a3a".
Task "WriteLinesToFile"
Done executing task "WriteLinesToFile".
Done building target "IncrementalClean" in project "PdfViewerBookmark_2015.csproj".
Target "PostBuildEvent" skipped, due to false condition; ('$(PostBuildEvent)' != '' and ('$(RunPostBuildEvent)' != 'OnOutputUpdated' or '$(_AssemblyTimestampBeforeCompile)' != '$(_AssemblyTimestampAfterCompile)')) was evaluated as ('' != '' and ('' != 'OnOutputUpdated' or '' != '')).
Target "CoreBuild" in file "C:\Windows\Microsoft.NET\Framework\v4.0.30319\Microsoft.Common.targets" from project "C:\Users\aravinth.sampath\AppData\Local\Syncfusion\EssentialStudio\14.3.0.42\Windows\PdfViewer.Windows\Samples\PdfViewer Bookmark\PdfViewer Bookmark\cs\PdfViewerBookmark_2015.csproj" (target "Build" depends on it):
Done building target "CoreBuild" in project "PdfViewerBookmark_2015.csproj".
Target "AfterBuild" in file "C:\Windows\Microsoft.NET\Framework\v4.0.30319\Microsoft.Common.targets" from project "C:\Users\aravinth.sampath\AppData\Local\Syncfusion\EssentialStudio\14.3.0.42\Windows\PdfViewer.Windows\Samples\PdfViewer Bookmark\PdfViewer Bookmark\cs\PdfViewerBookmark_2015.csproj" (target "Build" depends on it):
Done building target "AfterBuild" in project "PdfViewerBookmark_2015.csproj".
Target "Build" in file "C:\Windows\Microsoft.NET\Framework\v4.0.30319\Microsoft.Common.targets" from project "C:\Users\aravinth.sampath\AppData\Local\Syncfusion\EssentialStudio\14.3.0.42\Windows\PdfViewer.Windows\Samples\PdfViewer Bookmark\PdfViewer Bookmark\cs\PdfViewerBookmark_2015.csproj" (entry point):
Done building target "Build" in project "PdfViewerBookmark_2015.csproj".
Done Building Project "C:\Users\aravinth.sampath\AppData\Local\Syncfusion\EssentialStudio\14.3.0.42\Windows\PdfViewer.Windows\Samples\PdfViewer Bookmark\PdfViewer Bookmark\cs\PdfViewerBookmark_2015.csproj" (default targets).


Build succeeded.

"C:\Users\aravinth.sampath\AppData\Local\Syncfusion\EssentialStudio\14.3.0.42\Windows\PdfViewer.Windows\Samples\PdfViewer Bookmark\PdfViewer Bookmark\cs\PdfViewerBookmark_2015.csproj" (default target) (1) ->
(CoreCompile target) -> 
  Form1.cs(28,18): warning CS0649: Field 'GettingStarted.Form1.st' is never assigned to, and will always have its default value [C:\Users\aravinth.sampath\AppData\Local\Syncfusion\EssentialStudio\14.3.0.42\Windows\PdfViewer.Windows\Samples\PdfViewer Bookmark\PdfViewer Bookmark\cs\PdfViewerBookmark_2015.csproj]

    1 Warning(s)
    0 Error(s)

Time Elapsed 00:00:00.55
